---------------------------------------
Begin Slurm Prolog: Apr-21-2026 23:03:21
Job ID:    5034940
User ID:   eyang82
Account:   cse
Job name:  CNN
Partition: ice-gpu
QOS:       coc-ice
---------------------------------------
Tue Apr 21 23:03:22 2026       
+-----------------------------------------------------------------------------------------+
| NVIDIA-SMI 575.57.08              Driver Version: 575.57.08      CUDA Version: 12.9     |
|-----------------------------------------+------------------------+----------------------+
| GPU  Name                 Persistence-M | Bus-Id          Disp.A | Volatile Uncorr. ECC |
| Fan  Temp   Perf          Pwr:Usage/Cap |           Memory-Usage | GPU-Util  Compute M. |
|                                         |                        |               MIG M. |
|=========================================+========================+======================|
|   0  Tesla V100-PCIE-32GB           On  |   00000000:5E:00.0 Off |                    0 |
| N/A   36C    P0             26W /  250W |       0MiB /  32768MiB |      0%      Default |
|                                         |                        |                  N/A |
+-----------------------------------------+------------------------+----------------------+
|   1  Tesla V100-PCIE-32GB           On  |   00000000:D8:00.0 Off |                    0 |
| N/A   33C    P0             26W /  250W |       0MiB /  32768MiB |      0%      Default |
|                                         |                        |                  N/A |
+-----------------------------------------+------------------------+----------------------+
                                                                                         
+-----------------------------------------------------------------------------------------+
| Processes:                                                                              |
|  GPU   GI   CI              PID   Type   Process name                        GPU Memory |
|        ID   ID                                                               Usage      |
|=========================================================================================|
|  No running processes found                                                             |
+-----------------------------------------------------------------------------------------+
Device: cuda
No memory issues with data loaders
Epoch 0
Train loop initiated!
Device: cuda
[2026-04-21T23:07:50.485] error: Detected 1 oom_kill event in StepId=5034940.0. Some of the step tasks have been OOM Killed.
srun: error: atl1-1-01-002-7-0: task 0: Out Of Memory
---------------------------------------
Begin Slurm Epilog: Apr-21-2026 23:07:51
Job ID:        5034940
User ID:       eyang82
Account:       cse
Job name:      CNN
Resources:     cpu=4,gres/gpu:v100=1,mem=32G,node=1
Rsrc Used:     cput=00:18:04,vmem=0,walltime=00:04:31,mem=40092K,energy_used=0
Partition:     ice-gpu
QOS:           coc-ice
Nodes:         atl1-1-01-002-7-0
---------------------------------------
