---------------------------------------
Begin Slurm Prolog: Apr-24-2026 23:31:11
Job ID:    5064102
User ID:   eyang82
Account:   cse
Job name:  CNN
Partition: ice-gpu
QOS:       coc-ice
---------------------------------------
Fri Apr 24 23:31:12 2026       
+-----------------------------------------------------------------------------------------+
| NVIDIA-SMI 580.105.08             Driver Version: 580.105.08     CUDA Version: 13.0     |
+-----------------------------------------+------------------------+----------------------+
| GPU  Name                 Persistence-M | Bus-Id          Disp.A | Volatile Uncorr. ECC |
| Fan  Temp   Perf          Pwr:Usage/Cap |           Memory-Usage | GPU-Util  Compute M. |
|                                         |                        |               MIG M. |
|=========================================+========================+======================|
|   0  NVIDIA L40S                    On  |   00000000:1E:00.0 Off |                    0 |
| N/A   36C    P8             32W /  350W |       0MiB /  46068MiB |      0%      Default |
|                                         |                        |                  N/A |
+-----------------------------------------+------------------------+----------------------+

+-----------------------------------------------------------------------------------------+
| Processes:                                                                              |
|  GPU   GI   CI              PID   Type   Process name                        GPU Memory |
|        ID   ID                                                               Usage      |
|=========================================================================================|
|  No running processes found                                                             |
+-----------------------------------------------------------------------------------------+
Device: cuda
batch_size: 32
learning_rate: 0.002
reg: 0.001
epochs: 1000
steps: [6, 8]
warmup: 0
momentum: 0.9
seed: 42
patience: 20
min_delta: 1e-05
save_best: True
save_preds: True
model: CNN
optimizer: base
scheduler: False
class_weighting: False
early_stopping: True
Dataset created
Dataset split complete
Data loaders initiated
Length of test loader: 123
Epoch 0
Epoch: [0][0/572]	Iter Time 19.285 (19.285)	Data Time 0.356 (0.356)	Loss 1.7940 (1.7940)	Prec @1 0.1875 (0.1875)	
Training Accuracy of Class 0: nan
Training Accuracy of Class 1: 0.5000
Training Accuracy of Class 2: 0.0000
Training Accuracy of Class 3: 1.0000
Training Accuracy of Class 4: 0.0000
Training Accuracy of Class 5: 0.0000
Total Overall Training Accuracy: 0.4248441159725189
* Prec @1: 0.4248
Macro F1 Score on Training Set: 0.25641027092933655
Epoch: [0][0/123]	Iter Time 0.076 (0.076)	Data Time 0.004 (0.004)	
Validation Accuracy of Class 0: 0.0644
Validation Accuracy of Class 1: 0.5158
Validation Accuracy of Class 2: 0.0000
Validation Accuracy of Class 3: 0.9441
Validation Accuracy of Class 4: 0.0000
Validation Accuracy of Class 5: 0.0000
Total Overall Validation Accuracy: 0.44625991582870483
* Prec @1: 0.4463
Macro F1 Score on Validation Set: 0.19665572047233582
Epoch 1
Epoch: [1][0/572]	Iter Time 0.007 (0.007)	Data Time 0.003 (0.003)	Loss 1.4936 (1.4936)	Prec @1 0.4375 (0.4375)	
Training Accuracy of Class 0: nan
Training Accuracy of Class 1: 0.7500
Training Accuracy of Class 2: nan
Training Accuracy of Class 3: 0.6667
Training Accuracy of Class 4: 0.6667
Training Accuracy of Class 5: nan
Total Overall Training Accuracy: 0.55070561170578
* Prec @1: 0.5507
Macro F1 Score on Training Set: 0.5809524059295654
Epoch: [1][0/123]	Iter Time 0.003 (0.003)	Data Time 0.003 (0.003)	
Validation Accuracy of Class 0: 0.0983
Validation Accuracy of Class 1: 0.8226
Validation Accuracy of Class 2: 0.0000
Validation Accuracy of Class 3: 0.5293
Validation Accuracy of Class 4: 0.2964
Validation Accuracy of Class 5: 0.6519
Total Overall Validation Accuracy: 0.47025787830352783
* Prec @1: 0.4703
Macro F1 Score on Validation Set: 0.3546780049800873
Epoch 2
Epoch: [2][0/572]	Iter Time 0.006 (0.006)	Data Time 0.004 (0.004)	Loss 0.9753 (0.9753)	Prec @1 0.5938 (0.5938)	
Training Accuracy of Class 0: 0.5000
Training Accuracy of Class 1: 1.0000
Training Accuracy of Class 2: 0.0000
Training Accuracy of Class 3: 1.0000
Training Accuracy of Class 4: 1.0000
Training Accuracy of Class 5: 0.5000
Total Overall Training Accuracy: 0.6568209528923035
* Prec @1: 0.6568
Macro F1 Score on Training Set: 0.6388888955116272
Epoch: [2][0/123]	Iter Time 0.003 (0.003)	Data Time 0.003 (0.003)	
Validation Accuracy of Class 0: 0.4136
Validation Accuracy of Class 1: 0.8812
Validation Accuracy of Class 2: 0.0000
Validation Accuracy of Class 3: 0.5797
Validation Accuracy of Class 4: 0.3359
Validation Accuracy of Class 5: 0.5055
Total Overall Validation Accuracy: 0.5126372575759888
* Prec @1: 0.5126
Macro F1 Score on Validation Set: 0.43016159534454346
Epoch 3
Epoch: [3][0/572]	Iter Time 0.006 (0.006)	Data Time 0.003 (0.003)	Loss 0.7031 (0.7031)	Prec @1 0.7812 (0.7812)	
Training Accuracy of Class 0: 0.0000
Training Accuracy of Class 1: 1.0000
Training Accuracy of Class 2: 0.0000
Training Accuracy of Class 3: 1.0000
Training Accuracy of Class 4: 1.0000
Training Accuracy of Class 5: 0.5000
Total Overall Training Accuracy: 0.6961492300033569
* Prec @1: 0.6961
Macro F1 Score on Training Set: 0.5277777910232544
Epoch: [3][0/123]	Iter Time 0.003 (0.003)	Data Time 0.003 (0.003)	
Validation Accuracy of Class 0: 0.4915
Validation Accuracy of Class 1: 0.9053
Validation Accuracy of Class 2: 0.0105
Validation Accuracy of Class 3: 0.4639
Validation Accuracy of Class 4: 0.4088
Validation Accuracy of Class 5: 0.4612
Total Overall Validation Accuracy: 0.487362802028656
* Prec @1: 0.4874
Macro F1 Score on Validation Set: 0.4350072741508484
Epoch 4
Epoch: [4][0/572]	Iter Time 0.006 (0.006)	Data Time 0.003 (0.003)	Loss 0.6858 (0.6858)	Prec @1 0.7500 (0.7500)	
Training Accuracy of Class 0: nan
Training Accuracy of Class 1: nan
Training Accuracy of Class 2: 0.0000
Training Accuracy of Class 3: 0.6000
Training Accuracy of Class 4: 1.0000
Training Accuracy of Class 5: nan
Total Overall Training Accuracy: 0.716715931892395
* Prec @1: 0.7167
Macro F1 Score on Training Set: 0.3333333432674408
Epoch: [4][0/123]	Iter Time 0.003 (0.003)	Data Time 0.003 (0.003)	
Validation Accuracy of Class 0: 0.5390
Validation Accuracy of Class 1: 0.9444
Validation Accuracy of Class 2: 0.0184
Validation Accuracy of Class 3: 0.7834
Validation Accuracy of Class 4: 0.4347
Validation Accuracy of Class 5: 0.1441
Total Overall Validation Accuracy: 0.5859076380729675
* Prec @1: 0.5859
Macro F1 Score on Validation Set: 0.46253323554992676
Epoch 5
Epoch: [5][0/572]	Iter Time 0.006 (0.006)	Data Time 0.007 (0.007)	Loss 0.8428 (0.8428)	Prec @1 0.6250 (0.6250)	
Training Accuracy of Class 0: nan
Training Accuracy of Class 1: 1.0000
Training Accuracy of Class 2: 0.0000
Training Accuracy of Class 3: 1.0000
Training Accuracy of Class 4: 1.0000
Training Accuracy of Class 5: 1.0000
Total Overall Training Accuracy: 0.7398534417152405
* Prec @1: 0.7399
Macro F1 Score on Training Set: 0.7333333492279053
Epoch: [5][0/123]	Iter Time 0.003 (0.003)	Data Time 0.003 (0.003)	
Validation Accuracy of Class 0: 0.4881
Validation Accuracy of Class 1: 0.9203
Validation Accuracy of Class 2: 0.0921
Validation Accuracy of Class 3: 0.5926
Validation Accuracy of Class 4: 0.4073
Validation Accuracy of Class 5: 0.7317
Total Overall Validation Accuracy: 0.5767168998718262
* Prec @1: 0.5767
Macro F1 Score on Validation Set: 0.5083949565887451
Epoch 6
Epoch: [6][0/572]	Iter Time 0.006 (0.006)	Data Time 0.003 (0.003)	Loss 0.8466 (0.8466)	Prec @1 0.5312 (0.5312)	
Training Accuracy of Class 0: nan
Training Accuracy of Class 1: nan
Training Accuracy of Class 2: 0.0000
Training Accuracy of Class 3: 1.0000
Training Accuracy of Class 4: 1.0000
Training Accuracy of Class 5: 0.0000
Total Overall Training Accuracy: 0.788152277469635
* Prec @1: 0.7882
Macro F1 Score on Training Set: 0.4000000059604645
Epoch: [6][0/123]	Iter Time 0.003 (0.003)	Data Time 0.003 (0.003)	
Validation Accuracy of Class 0: 0.5356
Validation Accuracy of Class 1: 0.9038
Validation Accuracy of Class 2: 0.3500
Validation Accuracy of Class 3: 0.7643
Validation Accuracy of Class 4: 0.5000
Validation Accuracy of Class 5: 0.5721
Total Overall Validation Accuracy: 0.6640286445617676
* Prec @1: 0.6640
Macro F1 Score on Validation Set: 0.6105532646179199
Epoch 7
Epoch: [7][0/572]	Iter Time 0.006 (0.006)	Data Time 0.003 (0.003)	Loss 0.5777 (0.5777)	Prec @1 0.8125 (0.8125)	
Training Accuracy of Class 0: nan
Training Accuracy of Class 1: 1.0000
Training Accuracy of Class 2: 0.5000
Training Accuracy of Class 3: 1.0000
Training Accuracy of Class 4: 1.0000
Training Accuracy of Class 5: nan
Total Overall Training Accuracy: 0.798435628414154
* Prec @1: 0.7984
Macro F1 Score on Training Set: 0.7333333492279053
Epoch: [7][0/123]	Iter Time 0.003 (0.003)	Data Time 0.003 (0.003)	
Validation Accuracy of Class 0: 0.5932
Validation Accuracy of Class 1: 0.9203
Validation Accuracy of Class 2: 0.2158
Validation Accuracy of Class 3: 0.7507
Validation Accuracy of Class 4: 0.5805
Validation Accuracy of Class 5: 0.6696
Total Overall Validation Accuracy: 0.6778146624565125
* Prec @1: 0.6778
Macro F1 Score on Validation Set: 0.6194119453430176
Epoch 8
Epoch: [8][0/572]	Iter Time 0.006 (0.006)	Data Time 0.004 (0.004)	Loss 0.4684 (0.4684)	Prec @1 0.8438 (0.8438)	
Training Accuracy of Class 0: nan
Training Accuracy of Class 1: 1.0000
Training Accuracy of Class 2: 0.0000
Training Accuracy of Class 3: 1.0000
Training Accuracy of Class 4: 1.0000
Training Accuracy of Class 5: nan
Total Overall Training Accuracy: 0.8032491207122803
* Prec @1: 0.8032
Macro F1 Score on Training Set: 0.6000000238418579
Epoch: [8][0/123]	Iter Time 0.003 (0.003)	Data Time 0.003 (0.003)	
Validation Accuracy of Class 0: 0.6305
Validation Accuracy of Class 1: 0.9008
Validation Accuracy of Class 2: 0.2395
Validation Accuracy of Class 3: 0.8617
Validation Accuracy of Class 4: 0.7432
Validation Accuracy of Class 5: 0.5987
Total Overall Validation Accuracy: 0.7403625845909119
* Prec @1: 0.7404
Macro F1 Score on Validation Set: 0.6669396162033081
Epoch 9
Epoch: [9][0/572]	Iter Time 0.006 (0.006)	Data Time 0.003 (0.003)	Loss 0.3940 (0.3940)	Prec @1 0.9062 (0.9062)	
Training Accuracy of Class 0: nan
Training Accuracy of Class 1: 1.0000
Training Accuracy of Class 2: nan
Training Accuracy of Class 3: 1.0000
Training Accuracy of Class 4: 1.0000
Training Accuracy of Class 5: 0.2000
Total Overall Training Accuracy: 0.8047260046005249
* Prec @1: 0.8047
Macro F1 Score on Training Set: 0.550000011920929
Epoch: [9][0/123]	Iter Time 0.003 (0.003)	Data Time 0.003 (0.003)	
Validation Accuracy of Class 0: 0.5390
Validation Accuracy of Class 1: 0.8992
Validation Accuracy of Class 2: 0.2789
Validation Accuracy of Class 3: 0.7343
Validation Accuracy of Class 4: 0.5046
Validation Accuracy of Class 5: 0.5854
Total Overall Validation Accuracy: 0.6476895809173584
* Prec @1: 0.6477
Macro F1 Score on Validation Set: 0.5862729549407959
Epoch 10
Epoch: [10][0/572]	Iter Time 0.006 (0.006)	Data Time 0.003 (0.003)	Loss 0.5016 (0.5016)	Prec @1 0.8438 (0.8438)	
Training Accuracy of Class 0: 1.0000
Training Accuracy of Class 1: nan
Training Accuracy of Class 2: nan
Training Accuracy of Class 3: 0.5000
Training Accuracy of Class 4: 1.0000
Training Accuracy of Class 5: nan
Total Overall Training Accuracy: 0.8063122630119324
* Prec @1: 0.8063
Macro F1 Score on Training Set: 0.4444444477558136
Epoch: [10][0/123]	Iter Time 0.003 (0.003)	Data Time 0.003 (0.003)	
Validation Accuracy of Class 0: 0.5525
Validation Accuracy of Class 1: 0.9263
Validation Accuracy of Class 2: 0.2395
Validation Accuracy of Class 3: 0.6676
Validation Accuracy of Class 4: 0.4043
Validation Accuracy of Class 5: 0.5610
Total Overall Validation Accuracy: 0.6047996282577515
* Prec @1: 0.6048
Macro F1 Score on Validation Set: 0.5522775053977966
Epoch 11
Epoch: [11][0/572]	Iter Time 0.006 (0.006)	Data Time 0.003 (0.003)	Loss 0.5045 (0.5045)	Prec @1 0.8750 (0.8750)	
Training Accuracy of Class 0: 0.5000
Training Accuracy of Class 1: 1.0000
Training Accuracy of Class 2: 0.0000
Training Accuracy of Class 3: 0.8000
Training Accuracy of Class 4: 1.0000
Training Accuracy of Class 5: nan
Total Overall Training Accuracy: 0.8091018795967102
* Prec @1: 0.8091
Macro F1 Score on Training Set: 0.5370370149612427
Epoch: [11][0/123]	Iter Time 0.003 (0.003)	Data Time 0.003 (0.003)	
Validation Accuracy of Class 0: 0.5831
Validation Accuracy of Class 1: 0.9263
Validation Accuracy of Class 2: 0.2711
Validation Accuracy of Class 3: 0.8474
Validation Accuracy of Class 4: 0.6368
Validation Accuracy of Class 5: 0.5055
Total Overall Validation Accuracy: 0.710237443447113
* Prec @1: 0.7102
Macro F1 Score on Validation Set: 0.6426281929016113
Epoch 12
Epoch: [12][0/572]	Iter Time 0.006 (0.006)	Data Time 0.003 (0.003)	Loss 0.3901 (0.3901)	Prec @1 0.8125 (0.8125)	
Training Accuracy of Class 0: 1.0000
Training Accuracy of Class 1: 0.6667
Training Accuracy of Class 2: 0.0000
Training Accuracy of Class 3: 1.0000
Training Accuracy of Class 4: 1.0000
Training Accuracy of Class 5: nan
Total Overall Training Accuracy: 0.8073515295982361
* Prec @1: 0.8074
Macro F1 Score on Training Set: 0.5777778029441833
Epoch: [12][0/123]	Iter Time 0.003 (0.003)	Data Time 0.003 (0.003)	
Validation Accuracy of Class 0: 0.5864
Validation Accuracy of Class 1: 0.9203
Validation Accuracy of Class 2: 0.2789
Validation Accuracy of Class 3: 0.8822
Validation Accuracy of Class 4: 0.6520
Validation Accuracy of Class 5: 0.4435
Total Overall Validation Accuracy: 0.7186622619628906
* Prec @1: 0.7187
Macro F1 Score on Validation Set: 0.6445376873016357
Epoch 13
Epoch: [13][0/572]	Iter Time 0.006 (0.006)	Data Time 0.003 (0.003)	Loss 0.4925 (0.4925)	Prec @1 0.8125 (0.8125)	
Training Accuracy of Class 0: nan
Training Accuracy of Class 1: 1.0000
Training Accuracy of Class 2: nan
Training Accuracy of Class 3: 1.0000
Training Accuracy of Class 4: 1.0000
Training Accuracy of Class 5: 0.6667
Total Overall Training Accuracy: 0.8094847798347473
* Prec @1: 0.8095
Macro F1 Score on Training Set: 0.8999999761581421
Epoch: [13][0/123]	Iter Time 0.003 (0.003)	Data Time 0.003 (0.003)	
Validation Accuracy of Class 0: 0.5763
Validation Accuracy of Class 1: 0.9263
Validation Accuracy of Class 2: 0.2684
Validation Accuracy of Class 3: 0.7643
Validation Accuracy of Class 4: 0.5334
Validation Accuracy of Class 5: 0.4989
Total Overall Validation Accuracy: 0.6601991653442383
* Prec @1: 0.6602
Macro F1 Score on Validation Set: 0.5935704708099365
Epoch 14
Epoch: [14][0/572]	Iter Time 0.006 (0.006)	Data Time 0.004 (0.004)	Loss 0.4395 (0.4395)	Prec @1 0.8125 (0.8125)	
Training Accuracy of Class 0: 0.0000
Training Accuracy of Class 1: 0.5000
Training Accuracy of Class 2: nan
Training Accuracy of Class 3: 1.0000
Training Accuracy of Class 4: 1.0000
Training Accuracy of Class 5: 1.0000
Total Overall Training Accuracy: 0.8082813620567322
* Prec @1: 0.8083
Macro F1 Score on Training Set: 0.699999988079071
Epoch: [14][0/123]	Iter Time 0.003 (0.003)	Data Time 0.003 (0.003)	
Validation Accuracy of Class 0: 0.5390
Validation Accuracy of Class 1: 0.9113
Validation Accuracy of Class 2: 0.2737
Validation Accuracy of Class 3: 0.7003
Validation Accuracy of Class 4: 0.3997
Validation Accuracy of Class 5: 0.3570
Total Overall Validation Accuracy: 0.5925453305244446
* Prec @1: 0.5925
Macro F1 Score on Validation Set: 0.520415186882019
Epoch 15
Epoch: [15][0/572]	Iter Time 0.006 (0.006)	Data Time 0.003 (0.003)	Loss 0.6416 (0.6416)	Prec @1 0.7812 (0.7812)	
Training Accuracy of Class 0: 1.0000
Training Accuracy of Class 1: 1.0000
Training Accuracy of Class 2: nan
Training Accuracy of Class 3: 1.0000
Training Accuracy of Class 4: 1.0000
Training Accuracy of Class 5: 0.6667
Total Overall Training Accuracy: 0.8121103048324585
* Prec @1: 0.8121
Macro F1 Score on Training Set: 0.9314285516738892
Epoch: [15][0/123]	Iter Time 0.003 (0.003)	Data Time 0.003 (0.003)	
Validation Accuracy of Class 0: 0.5288
Validation Accuracy of Class 1: 0.9143
Validation Accuracy of Class 2: 0.3211
Validation Accuracy of Class 3: 0.8638
Validation Accuracy of Class 4: 0.6383
Validation Accuracy of Class 5: 0.5721
Total Overall Validation Accuracy: 0.7230023145675659
* Prec @1: 0.7230
Macro F1 Score on Validation Set: 0.6540309190750122
Epoch 16
Epoch: [16][0/572]	Iter Time 0.006 (0.006)	Data Time 0.003 (0.003)	Loss 0.5383 (0.5383)	Prec @1 0.7812 (0.7812)	
Training Accuracy of Class 0: 0.0000
Training Accuracy of Class 1: 1.0000
Training Accuracy of Class 2: 0.0000
Training Accuracy of Class 3: 1.0000
Training Accuracy of Class 4: 1.0000
Training Accuracy of Class 5: nan
Total Overall Training Accuracy: 0.8110710382461548
* Prec @1: 0.8111
Macro F1 Score on Training Set: 0.5714285969734192
Epoch: [16][0/123]	Iter Time 0.003 (0.003)	Data Time 0.003 (0.003)	
Validation Accuracy of Class 0: 0.5966
Validation Accuracy of Class 1: 0.9113
Validation Accuracy of Class 2: 0.3053
Validation Accuracy of Class 3: 0.8488
Validation Accuracy of Class 4: 0.6733
Validation Accuracy of Class 5: 0.5654
Total Overall Validation Accuracy: 0.7255553007125854
* Prec @1: 0.7256
Macro F1 Score on Validation Set: 0.6588842868804932
Epoch 17
Epoch: [17][0/572]	Iter Time 0.006 (0.006)	Data Time 0.003 (0.003)	Loss 0.4461 (0.4461)	Prec @1 0.8750 (0.8750)	
Training Accuracy of Class 0: 1.0000
Training Accuracy of Class 1: 0.6667
Training Accuracy of Class 2: 0.0000
Training Accuracy of Class 3: 1.0000
Training Accuracy of Class 4: 1.0000
Training Accuracy of Class 5: nan
Total Overall Training Accuracy: 0.8115085959434509
* Prec @1: 0.8115
Macro F1 Score on Training Set: 0.6711111068725586
Epoch: [17][0/123]	Iter Time 0.003 (0.003)	Data Time 0.003 (0.003)	
Validation Accuracy of Class 0: 0.5322
Validation Accuracy of Class 1: 0.9143
Validation Accuracy of Class 2: 0.2868
Validation Accuracy of Class 3: 0.8236
Validation Accuracy of Class 4: 0.6413
Validation Accuracy of Class 5: 0.6053
Total Overall Validation Accuracy: 0.709216296672821
* Prec @1: 0.7092
Macro F1 Score on Validation Set: 0.6411111354827881
Epoch 18
Epoch: [18][0/572]	Iter Time 0.006 (0.006)	Data Time 0.003 (0.003)	Loss 0.7573 (0.7573)	Prec @1 0.6875 (0.6875)	
Training Accuracy of Class 0: 0.5000
Training Accuracy of Class 1: 1.0000
Training Accuracy of Class 2: nan
Training Accuracy of Class 3: 0.0000
Training Accuracy of Class 4: 0.6000
Training Accuracy of Class 5: 1.0000
Total Overall Training Accuracy: 0.8117274045944214
* Prec @1: 0.8117
Macro F1 Score on Training Set: 0.5694444179534912
Epoch: [18][0/123]	Iter Time 0.003 (0.003)	Data Time 0.003 (0.003)	
Validation Accuracy of Class 0: 0.5220
Validation Accuracy of Class 1: 0.9263
Validation Accuracy of Class 2: 0.2737
Validation Accuracy of Class 3: 0.7861
Validation Accuracy of Class 4: 0.5562
Validation Accuracy of Class 5: 0.4878
Total Overall Validation Accuracy: 0.6673474907875061
* Prec @1: 0.6673
Macro F1 Score on Validation Set: 0.5965379476547241
Epoch 19
Epoch: [19][0/572]	Iter Time 0.006 (0.006)	Data Time 0.003 (0.003)	Loss 0.6277 (0.6277)	Prec @1 0.6875 (0.6875)	
Training Accuracy of Class 0: 0.0000
Training Accuracy of Class 1: 1.0000
Training Accuracy of Class 2: nan
Training Accuracy of Class 3: 1.0000
Training Accuracy of Class 4: nan
Training Accuracy of Class 5: nan
Total Overall Training Accuracy: 0.8153375387191772
* Prec @1: 0.8153
Macro F1 Score on Training Set: 0.5555555820465088
Epoch: [19][0/123]	Iter Time 0.003 (0.003)	Data Time 0.003 (0.003)	
Validation Accuracy of Class 0: 0.5288
Validation Accuracy of Class 1: 0.8932
Validation Accuracy of Class 2: 0.3184
Validation Accuracy of Class 3: 0.8610
Validation Accuracy of Class 4: 0.6459
Validation Accuracy of Class 5: 0.5676
Total Overall Validation Accuracy: 0.7189175486564636
* Prec @1: 0.7189
Macro F1 Score on Validation Set: 0.6464779376983643
Epoch 20
Epoch: [20][0/572]	Iter Time 0.006 (0.006)	Data Time 0.003 (0.003)	Loss 0.5448 (0.5448)	Prec @1 0.8438 (0.8438)	
Training Accuracy of Class 0: 1.0000
Training Accuracy of Class 1: 1.0000
Training Accuracy of Class 2: 0.5000
Training Accuracy of Class 3: 1.0000
Training Accuracy of Class 4: 1.0000
Training Accuracy of Class 5: nan
Total Overall Training Accuracy: 0.8143529295921326
* Prec @1: 0.8144
Macro F1 Score on Training Set: 0.9151515364646912
Epoch: [20][0/123]	Iter Time 0.003 (0.003)	Data Time 0.003 (0.003)	
Validation Accuracy of Class 0: 0.5390
Validation Accuracy of Class 1: 0.9519
Validation Accuracy of Class 2: 0.2605
Validation Accuracy of Class 3: 0.7827
Validation Accuracy of Class 4: 0.5274
Validation Accuracy of Class 5: 0.3969
Total Overall Validation Accuracy: 0.6550931930541992
* Prec @1: 0.6551
Macro F1 Score on Validation Set: 0.588246762752533
Epoch 21
Epoch: [21][0/572]	Iter Time 0.006 (0.006)	Data Time 0.003 (0.003)	Loss 0.3245 (0.3245)	Prec @1 0.9062 (0.9062)	
Training Accuracy of Class 0: 1.0000
Training Accuracy of Class 1: nan
Training Accuracy of Class 2: 0.0000
Training Accuracy of Class 3: 0.5000
Training Accuracy of Class 4: 1.0000
Training Accuracy of Class 5: 0.5000
Total Overall Training Accuracy: 0.8134777545928955
* Prec @1: 0.8135
Macro F1 Score on Training Set: 0.5333333611488342
Epoch: [21][0/123]	Iter Time 0.003 (0.003)	Data Time 0.003 (0.003)	
Validation Accuracy of Class 0: 0.5085
Validation Accuracy of Class 1: 0.9353
Validation Accuracy of Class 2: 0.2974
Validation Accuracy of Class 3: 0.6962
Validation Accuracy of Class 4: 0.3389
Validation Accuracy of Class 5: 0.3038
Total Overall Validation Accuracy: 0.5787592530250549
* Prec @1: 0.5788
Macro F1 Score on Validation Set: 0.5071848630905151
Epoch 22
Epoch: [22][0/572]	Iter Time 0.006 (0.006)	Data Time 0.003 (0.003)	Loss 0.4358 (0.4358)	Prec @1 0.8438 (0.8438)	
Training Accuracy of Class 0: 0.6667
Training Accuracy of Class 1: nan
Training Accuracy of Class 2: 1.0000
Training Accuracy of Class 3: 1.0000
Training Accuracy of Class 4: 1.0000
Training Accuracy of Class 5: 0.5000
Total Overall Training Accuracy: 0.8141341209411621
* Prec @1: 0.8141
Macro F1 Score on Training Set: 0.720634937286377
Epoch: [22][0/123]	Iter Time 0.003 (0.003)	Data Time 0.003 (0.003)	
Validation Accuracy of Class 0: 0.5085
Validation Accuracy of Class 1: 0.9023
Validation Accuracy of Class 2: 0.3368
Validation Accuracy of Class 3: 0.8277
Validation Accuracy of Class 4: 0.5821
Validation Accuracy of Class 5: 0.5743
Total Overall Validation Accuracy: 0.6982384920120239
* Prec @1: 0.6982
Macro F1 Score on Validation Set: 0.6285041570663452
Epoch 23
Epoch: [23][0/572]	Iter Time 0.006 (0.006)	Data Time 0.003 (0.003)	Loss 0.4605 (0.4605)	Prec @1 0.8438 (0.8438)	
Training Accuracy of Class 0: 1.0000
Training Accuracy of Class 1: 1.0000
Training Accuracy of Class 2: 0.0000
Training Accuracy of Class 3: 1.0000
Training Accuracy of Class 4: 1.0000
Training Accuracy of Class 5: nan
Total Overall Training Accuracy: 0.8165408968925476
* Prec @1: 0.8165
Macro F1 Score on Training Set: 0.6666666865348816
Epoch: [23][0/123]	Iter Time 0.003 (0.003)	Data Time 0.003 (0.003)	
Validation Accuracy of Class 0: 0.5119
Validation Accuracy of Class 1: 0.9368
Validation Accuracy of Class 2: 0.2974
Validation Accuracy of Class 3: 0.7023
Validation Accuracy of Class 4: 0.4757
Validation Accuracy of Class 5: 0.4479
Total Overall Validation Accuracy: 0.6211386322975159
* Prec @1: 0.6211
Macro F1 Score on Validation Set: 0.5650438070297241
Epoch 24
Epoch: [24][0/572]	Iter Time 0.006 (0.006)	Data Time 0.003 (0.003)	Loss 0.6240 (0.6240)	Prec @1 0.7812 (0.7812)	
Training Accuracy of Class 0: nan
Training Accuracy of Class 1: 1.0000
Training Accuracy of Class 2: nan
Training Accuracy of Class 3: 0.7143
Training Accuracy of Class 4: 1.0000
Training Accuracy of Class 5: nan
Total Overall Training Accuracy: 0.8119462132453918
* Prec @1: 0.8119
Macro F1 Score on Training Set: 0.5666666626930237
Epoch: [24][0/123]	Iter Time 0.003 (0.003)	Data Time 0.003 (0.003)	
Validation Accuracy of Class 0: 0.4746
Validation Accuracy of Class 1: 0.9248
Validation Accuracy of Class 2: 0.2421
Validation Accuracy of Class 3: 0.4537
Validation Accuracy of Class 4: 0.2416
Validation Accuracy of Class 5: 0.4235
Total Overall Validation Accuracy: 0.4756191074848175
* Prec @1: 0.4756
Macro F1 Score on Validation Set: 0.43771839141845703
Epoch 25
Epoch: [25][0/572]	Iter Time 0.006 (0.006)	Data Time 0.003 (0.003)	Loss 0.3840 (0.3840)	Prec @1 0.8125 (0.8125)	
Training Accuracy of Class 0: 1.0000
Training Accuracy of Class 1: 1.0000
Training Accuracy of Class 2: 0.6667
Training Accuracy of Class 3: 1.0000
Training Accuracy of Class 4: 1.0000
Training Accuracy of Class 5: 1.0000
Total Overall Training Accuracy: 0.8162673711776733
* Prec @1: 0.8163
Macro F1 Score on Training Set: 0.9111111164093018
Epoch: [25][0/123]	Iter Time 0.003 (0.003)	Data Time 0.003 (0.003)	
Validation Accuracy of Class 0: 0.5220
Validation Accuracy of Class 1: 0.9248
Validation Accuracy of Class 2: 0.3105
Validation Accuracy of Class 3: 0.7568
Validation Accuracy of Class 4: 0.4195
Validation Accuracy of Class 5: 0.5011
Total Overall Validation Accuracy: 0.638243556022644
* Prec @1: 0.6382
Macro F1 Score on Validation Set: 0.5756568312644958
Epoch 26
Epoch: [26][0/572]	Iter Time 0.006 (0.006)	Data Time 0.004 (0.004)	Loss 0.6821 (0.6821)	Prec @1 0.8125 (0.8125)	
Training Accuracy of Class 0: 1.0000
Training Accuracy of Class 1: nan
Training Accuracy of Class 2: 0.0000
Training Accuracy of Class 3: 1.0000
Training Accuracy of Class 4: 0.5000
Training Accuracy of Class 5: 0.6667
Total Overall Training Accuracy: 0.8187835216522217
* Prec @1: 0.8188
Macro F1 Score on Training Set: 0.6266666650772095
Epoch: [26][0/123]	Iter Time 0.003 (0.003)	Data Time 0.003 (0.003)	
Validation Accuracy of Class 0: 0.6068
Validation Accuracy of Class 1: 0.9188
Validation Accuracy of Class 2: 0.2658
Validation Accuracy of Class 3: 0.8999
Validation Accuracy of Class 4: 0.7751
Validation Accuracy of Class 5: 0.4922
Total Overall Validation Accuracy: 0.7515956163406372
* Prec @1: 0.7516
Macro F1 Score on Validation Set: 0.6755789518356323
Epoch 27
Epoch: [27][0/572]	Iter Time 0.006 (0.006)	Data Time 0.004 (0.004)	Loss 0.5140 (0.5140)	Prec @1 0.8125 (0.8125)	
Training Accuracy of Class 0: 0.5000
Training Accuracy of Class 1: 1.0000
Training Accuracy of Class 2: 0.0000
Training Accuracy of Class 3: 0.7500
Training Accuracy of Class 4: nan
Training Accuracy of Class 5: nan
Total Overall Training Accuracy: 0.8162127137184143
* Prec @1: 0.8162
Macro F1 Score on Training Set: 0.3888888955116272
Epoch: [27][0/123]	Iter Time 0.003 (0.003)	Data Time 0.003 (0.003)	
Validation Accuracy of Class 0: 0.5424
Validation Accuracy of Class 1: 0.9353
Validation Accuracy of Class 2: 0.2658
Validation Accuracy of Class 3: 0.8951
Validation Accuracy of Class 4: 0.6459
Validation Accuracy of Class 5: 0.3925
Total Overall Validation Accuracy: 0.7145774960517883
* Prec @1: 0.7146
Macro F1 Score on Validation Set: 0.6296192407608032
Epoch 28
Epoch: [28][0/572]	Iter Time 0.006 (0.006)	Data Time 0.004 (0.004)	Loss 0.3681 (0.3681)	Prec @1 0.9062 (0.9062)	
Training Accuracy of Class 0: 0.5000
Training Accuracy of Class 1: 1.0000
Training Accuracy of Class 2: nan
Training Accuracy of Class 3: 1.0000
Training Accuracy of Class 4: 1.0000
Training Accuracy of Class 5: 1.0000
Total Overall Training Accuracy: 0.8144623041152954
* Prec @1: 0.8145
Macro F1 Score on Training Set: 0.8666666746139526
Epoch: [28][0/123]	Iter Time 0.003 (0.003)	Data Time 0.003 (0.003)	
Validation Accuracy of Class 0: 0.5492
Validation Accuracy of Class 1: 0.9308
Validation Accuracy of Class 2: 0.2684
Validation Accuracy of Class 3: 0.8767
Validation Accuracy of Class 4: 0.6869
Validation Accuracy of Class 5: 0.5233
Total Overall Validation Accuracy: 0.7296400666236877
* Prec @1: 0.7296
Macro F1 Score on Validation Set: 0.6570799350738525
Epoch 29
Epoch: [29][0/572]	Iter Time 0.006 (0.006)	Data Time 0.004 (0.004)	Loss 0.8707 (0.8707)	Prec @1 0.6562 (0.6562)	
Training Accuracy of Class 0: nan
Training Accuracy of Class 1: 1.0000
Training Accuracy of Class 2: nan
Training Accuracy of Class 3: 1.0000
Training Accuracy of Class 4: 1.0000
Training Accuracy of Class 5: 1.0000
Total Overall Training Accuracy: 0.8135324716567993
* Prec @1: 0.8135
Macro F1 Score on Training Set: 1.0
Epoch: [29][0/123]	Iter Time 0.003 (0.003)	Data Time 0.003 (0.003)	
Validation Accuracy of Class 0: 0.5525
Validation Accuracy of Class 1: 0.9368
Validation Accuracy of Class 2: 0.2868
Validation Accuracy of Class 3: 0.7657
Validation Accuracy of Class 4: 0.4590
Validation Accuracy of Class 5: 0.3548
Total Overall Validation Accuracy: 0.6333929300308228
* Prec @1: 0.6334
Macro F1 Score on Validation Set: 0.5640366077423096
Epoch 30
Epoch: [30][0/572]	Iter Time 0.006 (0.006)	Data Time 0.003 (0.003)	Loss 0.3733 (0.3733)	Prec @1 0.9062 (0.9062)	
Training Accuracy of Class 0: 0.5000
Training Accuracy of Class 1: 0.5000
Training Accuracy of Class 2: nan
Training Accuracy of Class 3: 0.6667
Training Accuracy of Class 4: nan
Training Accuracy of Class 5: 0.6667
Total Overall Training Accuracy: 0.8157750964164734
* Prec @1: 0.8158
Macro F1 Score on Training Set: 0.5076190233230591
Epoch: [30][0/123]	Iter Time 0.003 (0.003)	Data Time 0.003 (0.003)	
Validation Accuracy of Class 0: 0.5322
Validation Accuracy of Class 1: 0.9323
Validation Accuracy of Class 2: 0.2842
Validation Accuracy of Class 3: 0.8890
Validation Accuracy of Class 4: 0.6626
Validation Accuracy of Class 5: 0.4102
Total Overall Validation Accuracy: 0.7176410555839539
* Prec @1: 0.7176
Macro F1 Score on Validation Set: 0.6370077133178711
Epoch 31
Epoch: [31][0/572]	Iter Time 0.006 (0.006)	Data Time 0.003 (0.003)	Loss 0.6175 (0.6175)	Prec @1 0.7188 (0.7188)	
Training Accuracy of Class 0: 1.0000
Training Accuracy of Class 1: 0.0000
Training Accuracy of Class 2: nan
Training Accuracy of Class 3: 1.0000
Training Accuracy of Class 4: 1.0000
Training Accuracy of Class 5: 1.0000
Total Overall Training Accuracy: 0.8207526803016663
* Prec @1: 0.8208
Macro F1 Score on Training Set: 0.7714285850524902
Epoch: [31][0/123]	Iter Time 0.003 (0.003)	Data Time 0.003 (0.003)	
Validation Accuracy of Class 0: 0.4712
Validation Accuracy of Class 1: 0.9293
Validation Accuracy of Class 2: 0.3553
Validation Accuracy of Class 3: 0.8195
Validation Accuracy of Class 4: 0.5015
Validation Accuracy of Class 5: 0.3902
Total Overall Validation Accuracy: 0.6640286445617676
* Prec @1: 0.6640
Macro F1 Score on Validation Set: 0.5858651399612427
Epoch 32
Epoch: [32][0/572]	Iter Time 0.006 (0.006)	Data Time 0.004 (0.004)	Loss 0.6656 (0.6656)	Prec @1 0.6875 (0.6875)	
Training Accuracy of Class 0: 1.0000
Training Accuracy of Class 1: 1.0000
Training Accuracy of Class 2: 0.0000
Training Accuracy of Class 3: 1.0000
Training Accuracy of Class 4: 1.0000
Training Accuracy of Class 5: nan
Total Overall Training Accuracy: 0.8197680711746216
* Prec @1: 0.8198
Macro F1 Score on Training Set: 0.6666666865348816
Epoch: [32][0/123]	Iter Time 0.003 (0.003)	Data Time 0.003 (0.003)	
Validation Accuracy of Class 0: 0.4983
Validation Accuracy of Class 1: 0.9323
Validation Accuracy of Class 2: 0.3026
Validation Accuracy of Class 3: 0.8106
Validation Accuracy of Class 4: 0.5897
Validation Accuracy of Class 5: 0.4812
Total Overall Validation Accuracy: 0.6834312081336975
* Prec @1: 0.6834
Macro F1 Score on Validation Set: 0.6124415397644043
Epoch 33
Epoch: [33][0/572]	Iter Time 0.006 (0.006)	Data Time 0.003 (0.003)	Loss 0.4297 (0.4297)	Prec @1 0.8438 (0.8438)	
Training Accuracy of Class 0: 1.0000
Training Accuracy of Class 1: nan
Training Accuracy of Class 2: 0.2500
Training Accuracy of Class 3: 1.0000
Training Accuracy of Class 4: 1.0000
Training Accuracy of Class 5: 1.0000
Total Overall Training Accuracy: 0.8181271553039551
* Prec @1: 0.8181
Macro F1 Score on Training Set: 0.7599999904632568
Epoch: [33][0/123]	Iter Time 0.003 (0.003)	Data Time 0.003 (0.003)	
Validation Accuracy of Class 0: 0.5322
Validation Accuracy of Class 1: 0.9353
Validation Accuracy of Class 2: 0.2947
Validation Accuracy of Class 3: 0.8685
Validation Accuracy of Class 4: 0.5638
Validation Accuracy of Class 5: 0.3614
Total Overall Validation Accuracy: 0.6893030405044556
* Prec @1: 0.6893
Macro F1 Score on Validation Set: 0.604312539100647
Epoch 34
Epoch: [34][0/572]	Iter Time 0.006 (0.006)	Data Time 0.003 (0.003)	Loss 0.3265 (0.3265)	Prec @1 0.9062 (0.9062)	
Training Accuracy of Class 0: nan
Training Accuracy of Class 1: 1.0000
Training Accuracy of Class 2: 0.0000
Training Accuracy of Class 3: 1.0000
Training Accuracy of Class 4: 1.0000
Training Accuracy of Class 5: nan
Total Overall Training Accuracy: 0.820479154586792
* Prec @1: 0.8205
Macro F1 Score on Training Set: 0.5333333611488342
Epoch: [34][0/123]	Iter Time 0.003 (0.003)	Data Time 0.003 (0.003)	
Validation Accuracy of Class 0: 0.5966
Validation Accuracy of Class 1: 0.9128
Validation Accuracy of Class 2: 0.2737
Validation Accuracy of Class 3: 0.8760
Validation Accuracy of Class 4: 0.7036
Validation Accuracy of Class 5: 0.5610
Total Overall Validation Accuracy: 0.7375543117523193
* Prec @1: 0.7376
Macro F1 Score on Validation Set: 0.6651042699813843
Epoch 35
Epoch: [35][0/572]	Iter Time 0.006 (0.006)	Data Time 0.004 (0.004)	Loss 0.3753 (0.3753)	Prec @1 0.8438 (0.8438)	
Training Accuracy of Class 0: nan
Training Accuracy of Class 1: 1.0000
Training Accuracy of Class 2: 1.0000
Training Accuracy of Class 3: 1.0000
Training Accuracy of Class 4: 1.0000
Training Accuracy of Class 5: 1.0000
Total Overall Training Accuracy: 0.8178536295890808
* Prec @1: 0.8179
Macro F1 Score on Training Set: 1.0
Epoch: [35][0/123]	Iter Time 0.003 (0.003)	Data Time 0.003 (0.003)	
Validation Accuracy of Class 0: 0.5458
Validation Accuracy of Class 1: 0.9534
Validation Accuracy of Class 2: 0.2605
Validation Accuracy of Class 3: 0.8740
Validation Accuracy of Class 4: 0.5578
Validation Accuracy of Class 5: 0.2306
Total Overall Validation Accuracy: 0.6760275959968567
* Prec @1: 0.6760
Macro F1 Score on Validation Set: 0.5791385173797607
Epoch 36
Epoch: [36][0/572]	Iter Time 0.006 (0.006)	Data Time 0.004 (0.004)	Loss 0.3629 (0.3629)	Prec @1 0.8125 (0.8125)	
Training Accuracy of Class 0: 1.0000
Training Accuracy of Class 1: 1.0000
Training Accuracy of Class 2: nan
Training Accuracy of Class 3: 1.0000
Training Accuracy of Class 4: 1.0000
Training Accuracy of Class 5: 1.0000
Total Overall Training Accuracy: 0.8218466639518738
* Prec @1: 0.8218
Macro F1 Score on Training Set: 1.0
Epoch: [36][0/123]	Iter Time 0.003 (0.003)	Data Time 0.003 (0.003)	
Validation Accuracy of Class 0: 0.5627
Validation Accuracy of Class 1: 0.9368
Validation Accuracy of Class 2: 0.2789
Validation Accuracy of Class 3: 0.8992
Validation Accuracy of Class 4: 0.6641
Validation Accuracy of Class 5: 0.4035
Total Overall Validation Accuracy: 0.7235129475593567
* Prec @1: 0.7235
Macro F1 Score on Validation Set: 0.6417030096054077
Epoch 37
Epoch: [37][0/572]	Iter Time 0.006 (0.006)	Data Time 0.003 (0.003)	Loss 0.5045 (0.5045)	Prec @1 0.7500 (0.7500)	
Training Accuracy of Class 0: 0.5000
Training Accuracy of Class 1: nan
Training Accuracy of Class 2: 0.0000
Training Accuracy of Class 3: 0.6667
Training Accuracy of Class 4: nan
Training Accuracy of Class 5: 0.6667
Total Overall Training Accuracy: 0.8235970139503479
* Prec @1: 0.8236
Macro F1 Score on Training Set: 0.33968254923820496
Epoch: [37][0/123]	Iter Time 0.003 (0.003)	Data Time 0.003 (0.003)	
Validation Accuracy of Class 0: 0.4746
Validation Accuracy of Class 1: 0.8677
Validation Accuracy of Class 2: 0.2921
Validation Accuracy of Class 3: 0.8828
Validation Accuracy of Class 4: 0.8009
Validation Accuracy of Class 5: 0.6541
Total Overall Validation Accuracy: 0.752106249332428
* Prec @1: 0.7521
Macro F1 Score on Validation Set: 0.6704196929931641
Epoch 38
Epoch: [38][0/572]	Iter Time 0.006 (0.006)	Data Time 0.004 (0.004)	Loss 0.2744 (0.2744)	Prec @1 0.9375 (0.9375)	
Training Accuracy of Class 0: nan
Training Accuracy of Class 1: 0.6667
Training Accuracy of Class 2: nan
Training Accuracy of Class 3: 1.0000
Training Accuracy of Class 4: 0.6667
Training Accuracy of Class 5: nan
Total Overall Training Accuracy: 0.8215731382369995
* Prec @1: 0.8216
Macro F1 Score on Training Set: 0.6222222447395325
Epoch: [38][0/123]	Iter Time 0.003 (0.003)	Data Time 0.003 (0.003)	
Validation Accuracy of Class 0: 0.5492
Validation Accuracy of Class 1: 0.9383
Validation Accuracy of Class 2: 0.2974
Validation Accuracy of Class 3: 0.7752
Validation Accuracy of Class 4: 0.5274
Validation Accuracy of Class 5: 0.4812
Total Overall Validation Accuracy: 0.6640286445617676
* Prec @1: 0.6640
Macro F1 Score on Validation Set: 0.5987977981567383
Epoch 39
Epoch: [39][0/572]	Iter Time 0.006 (0.006)	Data Time 0.003 (0.003)	Loss 0.6084 (0.6084)	Prec @1 0.8125 (0.8125)	
Training Accuracy of Class 0: 1.0000
Training Accuracy of Class 1: 0.5000
Training Accuracy of Class 2: nan
Training Accuracy of Class 3: 0.6667
Training Accuracy of Class 4: nan
Training Accuracy of Class 5: nan
Total Overall Training Accuracy: 0.8208620548248291
* Prec @1: 0.8209
Macro F1 Score on Training Set: 0.41111111640930176
Epoch: [39][0/123]	Iter Time 0.003 (0.003)	Data Time 0.003 (0.003)	
Validation Accuracy of Class 0: 0.5593
Validation Accuracy of Class 1: 0.9038
Validation Accuracy of Class 2: 0.3158
Validation Accuracy of Class 3: 0.8413
Validation Accuracy of Class 4: 0.6702
Validation Accuracy of Class 5: 0.6231
Total Overall Validation Accuracy: 0.7258105874061584
* Prec @1: 0.7258
Macro F1 Score on Validation Set: 0.6594637036323547
Epoch 40
Epoch: [40][0/572]	Iter Time 0.006 (0.006)	Data Time 0.003 (0.003)	Loss 0.5412 (0.5412)	Prec @1 0.8125 (0.8125)	
Training Accuracy of Class 0: 0.0000
Training Accuracy of Class 1: 1.0000
Training Accuracy of Class 2: nan
Training Accuracy of Class 3: 1.0000
Training Accuracy of Class 4: 1.0000
Training Accuracy of Class 5: nan
Total Overall Training Accuracy: 0.8236516714096069
* Prec @1: 0.8237
Macro F1 Score on Training Set: 0.6666666865348816
Epoch: [40][0/123]	Iter Time 0.003 (0.003)	Data Time 0.003 (0.003)	
Validation Accuracy of Class 0: 0.5322
Validation Accuracy of Class 1: 0.9414
Validation Accuracy of Class 2: 0.2842
Validation Accuracy of Class 3: 0.8460
Validation Accuracy of Class 4: 0.6444
Validation Accuracy of Class 5: 0.4656
Total Overall Validation Accuracy: 0.7064080238342285
* Prec @1: 0.7064
Macro F1 Score on Validation Set: 0.6263003349304199
Epoch 41
Epoch: [41][0/572]	Iter Time 0.006 (0.006)	Data Time 0.003 (0.003)	Loss 0.4365 (0.4365)	Prec @1 0.8750 (0.8750)	
Training Accuracy of Class 0: 0.5000
Training Accuracy of Class 1: 0.5000
Training Accuracy of Class 2: nan
Training Accuracy of Class 3: 1.0000
Training Accuracy of Class 4: 1.0000
Training Accuracy of Class 5: 1.0000
Total Overall Training Accuracy: 0.8196039795875549
* Prec @1: 0.8196
Macro F1 Score on Training Set: 0.694444477558136
Epoch: [41][0/123]	Iter Time 0.003 (0.003)	Data Time 0.003 (0.003)	
Validation Accuracy of Class 0: 0.4780
Validation Accuracy of Class 1: 0.9429
Validation Accuracy of Class 2: 0.2921
Validation Accuracy of Class 3: 0.7432
Validation Accuracy of Class 4: 0.4073
Validation Accuracy of Class 5: 0.3792
Total Overall Validation Accuracy: 0.6150115132331848
* Prec @1: 0.6150
Macro F1 Score on Validation Set: 0.5407354831695557
Epoch 42
Epoch: [42][0/572]	Iter Time 0.006 (0.006)	Data Time 0.004 (0.004)	Loss 0.5628 (0.5628)	Prec @1 0.6875 (0.6875)	
Training Accuracy of Class 0: 1.0000
Training Accuracy of Class 1: 0.0000
Training Accuracy of Class 2: nan
Training Accuracy of Class 3: 1.0000
Training Accuracy of Class 4: 1.0000
Training Accuracy of Class 5: 1.0000
Total Overall Training Accuracy: 0.8187288045883179
* Prec @1: 0.8187
Macro F1 Score on Training Set: 0.6666666865348816
Epoch: [42][0/123]	Iter Time 0.003 (0.003)	Data Time 0.003 (0.003)	
Validation Accuracy of Class 0: 0.6102
Validation Accuracy of Class 1: 0.9414
Validation Accuracy of Class 2: 0.3079
Validation Accuracy of Class 3: 0.8624
Validation Accuracy of Class 4: 0.6398
Validation Accuracy of Class 5: 0.4146
Total Overall Validation Accuracy: 0.7140669226646423
* Prec @1: 0.7141
Macro F1 Score on Validation Set: 0.6443039178848267
Epoch 43
Epoch: [43][0/572]	Iter Time 0.006 (0.006)	Data Time 0.004 (0.004)	Loss 0.3822 (0.3822)	Prec @1 0.8750 (0.8750)	
Training Accuracy of Class 0: nan
Training Accuracy of Class 1: 1.0000
Training Accuracy of Class 2: nan
Training Accuracy of Class 3: 1.0000
Training Accuracy of Class 4: 0.7500
Training Accuracy of Class 5: 1.0000
Total Overall Training Accuracy: 0.8232688307762146
* Prec @1: 0.8233
Macro F1 Score on Training Set: 0.9142857193946838
Epoch: [43][0/123]	Iter Time 0.003 (0.003)	Data Time 0.003 (0.003)	
Validation Accuracy of Class 0: 0.5525
Validation Accuracy of Class 1: 0.9534
Validation Accuracy of Class 2: 0.2816
Validation Accuracy of Class 3: 0.7691
Validation Accuracy of Class 4: 0.4696
Validation Accuracy of Class 5: 0.2838
Total Overall Validation Accuracy: 0.6305846571922302
* Prec @1: 0.6306
Macro F1 Score on Validation Set: 0.5538902878761292
Epoch 44
Epoch: [44][0/572]	Iter Time 0.006 (0.006)	Data Time 0.004 (0.004)	Loss 0.4673 (0.4673)	Prec @1 0.7812 (0.7812)	
Training Accuracy of Class 0: 1.0000
Training Accuracy of Class 1: nan
Training Accuracy of Class 2: 0.6667
Training Accuracy of Class 3: 1.0000
Training Accuracy of Class 4: 1.0000
Training Accuracy of Class 5: 0.0000
Total Overall Training Accuracy: 0.8237063884735107
* Prec @1: 0.8237
Macro F1 Score on Training Set: 0.7111111283302307
Epoch: [44][0/123]	Iter Time 0.003 (0.003)	Data Time 0.003 (0.003)	
Validation Accuracy of Class 0: 0.6000
Validation Accuracy of Class 1: 0.9429
Validation Accuracy of Class 2: 0.2737
Validation Accuracy of Class 3: 0.9012
Validation Accuracy of Class 4: 0.7036
Validation Accuracy of Class 5: 0.3525
Total Overall Validation Accuracy: 0.728363573551178
* Prec @1: 0.7284
Macro F1 Score on Validation Set: 0.6421258449554443
Epoch 45
Epoch: [45][0/572]	Iter Time 0.006 (0.006)	Data Time 0.003 (0.003)	Loss 0.4023 (0.4023)	Prec @1 0.8438 (0.8438)	
Training Accuracy of Class 0: 0.5000
Training Accuracy of Class 1: 1.0000
Training Accuracy of Class 2: nan
Training Accuracy of Class 3: 1.0000
Training Accuracy of Class 4: 1.0000
Training Accuracy of Class 5: 1.0000
Total Overall Training Accuracy: 0.823159396648407
* Prec @1: 0.8232
Macro F1 Score on Training Set: 0.8933333158493042
Epoch: [45][0/123]	Iter Time 0.003 (0.003)	Data Time 0.003 (0.003)	
Validation Accuracy of Class 0: 0.5492
Validation Accuracy of Class 1: 0.9278
Validation Accuracy of Class 2: 0.3158
Validation Accuracy of Class 3: 0.7929
Validation Accuracy of Class 4: 0.6094
Validation Accuracy of Class 5: 0.5898
Total Overall Validation Accuracy: 0.6969619989395142
* Prec @1: 0.6970
Macro F1 Score on Validation Set: 0.6353864669799805
Epoch 46
Epoch: [46][0/572]	Iter Time 0.006 (0.006)	Data Time 0.003 (0.003)	Loss 0.6224 (0.6224)	Prec @1 0.7812 (0.7812)	
Training Accuracy of Class 0: nan
Training Accuracy of Class 1: 1.0000
Training Accuracy of Class 2: 0.0000
Training Accuracy of Class 3: 1.0000
Training Accuracy of Class 4: 1.0000
Training Accuracy of Class 5: 1.0000
Total Overall Training Accuracy: 0.8258943557739258
* Prec @1: 0.8259
Macro F1 Score on Training Set: 0.7333333492279053
Epoch: [46][0/123]	Iter Time 0.003 (0.003)	Data Time 0.003 (0.003)	
Validation Accuracy of Class 0: 0.5661
Validation Accuracy of Class 1: 0.9233
Validation Accuracy of Class 2: 0.2816
Validation Accuracy of Class 3: 0.9128
Validation Accuracy of Class 4: 0.7006
Validation Accuracy of Class 5: 0.4302
Total Overall Validation Accuracy: 0.7360224723815918
* Prec @1: 0.7360
Macro F1 Score on Validation Set: 0.6540400385856628
Epoch 47
Epoch: [47][0/572]	Iter Time 0.006 (0.006)	Data Time 0.003 (0.003)	Loss 0.4530 (0.4530)	Prec @1 0.8438 (0.8438)	
Training Accuracy of Class 0: nan
Training Accuracy of Class 1: 1.0000
Training Accuracy of Class 2: 0.3333
Training Accuracy of Class 3: 0.6667
Training Accuracy of Class 4: 1.0000
Training Accuracy of Class 5: 1.0000
Total Overall Training Accuracy: 0.8219560384750366
* Prec @1: 0.8220
Macro F1 Score on Training Set: 0.7266666889190674
Epoch: [47][0/123]	Iter Time 0.003 (0.003)	Data Time 0.003 (0.003)	
Validation Accuracy of Class 0: 0.5017
Validation Accuracy of Class 1: 0.9233
Validation Accuracy of Class 2: 0.3237
Validation Accuracy of Class 3: 0.6941
Validation Accuracy of Class 4: 0.3419
Validation Accuracy of Class 5: 0.3969
Total Overall Validation Accuracy: 0.589226484298706
* Prec @1: 0.5892
Macro F1 Score on Validation Set: 0.5266323089599609
Epoch 48
Epoch: [48][0/572]	Iter Time 0.006 (0.006)	Data Time 0.003 (0.003)	Loss 0.2821 (0.2821)	Prec @1 0.9688 (0.9688)	
Training Accuracy of Class 0: nan
Training Accuracy of Class 1: 1.0000
Training Accuracy of Class 2: 0.0000
Training Accuracy of Class 3: 0.7500
Training Accuracy of Class 4: 1.0000
Training Accuracy of Class 5: 1.0000
Total Overall Training Accuracy: 0.8247456550598145
* Prec @1: 0.8247
Macro F1 Score on Training Set: 0.7047619223594666
Epoch: [48][0/123]	Iter Time 0.003 (0.003)	Data Time 0.003 (0.003)	
Validation Accuracy of Class 0: 0.5729
Validation Accuracy of Class 1: 0.9398
Validation Accuracy of Class 2: 0.2816
Validation Accuracy of Class 3: 0.8760
Validation Accuracy of Class 4: 0.6991
Validation Accuracy of Class 5: 0.4678
Total Overall Validation Accuracy: 0.7296400666236877
* Prec @1: 0.7296
Macro F1 Score on Validation Set: 0.6555129289627075
Epoch 49
Epoch: [49][0/572]	Iter Time 0.006 (0.006)	Data Time 0.003 (0.003)	Loss 0.5575 (0.5575)	Prec @1 0.8438 (0.8438)	
Training Accuracy of Class 0: 1.0000
Training Accuracy of Class 1: 0.5000
Training Accuracy of Class 2: 1.0000
Training Accuracy of Class 3: 1.0000
Training Accuracy of Class 4: 0.6667
Training Accuracy of Class 5: 1.0000
Total Overall Training Accuracy: 0.8249644637107849
* Prec @1: 0.8250
Macro F1 Score on Training Set: 0.8555555939674377
Epoch: [49][0/123]	Iter Time 0.003 (0.003)	Data Time 0.003 (0.003)	
Validation Accuracy of Class 0: 0.5186
Validation Accuracy of Class 1: 0.9489
Validation Accuracy of Class 2: 0.2974
Validation Accuracy of Class 3: 0.8086
Validation Accuracy of Class 4: 0.4818
Validation Accuracy of Class 5: 0.3193
Total Overall Validation Accuracy: 0.6497319936752319
* Prec @1: 0.6497
Macro F1 Score on Validation Set: 0.5688770413398743
Epoch 50
Epoch: [50][0/572]	Iter Time 0.006 (0.006)	Data Time 0.003 (0.003)	Loss 0.5313 (0.5313)	Prec @1 0.7812 (0.7812)	
Training Accuracy of Class 0: nan
Training Accuracy of Class 1: 0.7500
Training Accuracy of Class 2: 0.0000
Training Accuracy of Class 3: 1.0000
Training Accuracy of Class 4: 1.0000
Training Accuracy of Class 5: nan
Total Overall Training Accuracy: 0.824472188949585
* Prec @1: 0.8245
Macro F1 Score on Training Set: 0.5428571701049805
Epoch: [50][0/123]	Iter Time 0.003 (0.003)	Data Time 0.003 (0.003)	
Validation Accuracy of Class 0: 0.5119
Validation Accuracy of Class 1: 0.9474
Validation Accuracy of Class 2: 0.3053
Validation Accuracy of Class 3: 0.8127
Validation Accuracy of Class 4: 0.6003
Validation Accuracy of Class 5: 0.4390
Total Overall Validation Accuracy: 0.6849629878997803
* Prec @1: 0.6850
Macro F1 Score on Validation Set: 0.6159753799438477
Epoch 51
Epoch: [51][0/572]	Iter Time 0.006 (0.006)	Data Time 0.004 (0.004)	Loss 0.5604 (0.5604)	Prec @1 0.8125 (0.8125)	
Training Accuracy of Class 0: nan
Training Accuracy of Class 1: 0.8000
Training Accuracy of Class 2: nan
Training Accuracy of Class 3: 0.5000
Training Accuracy of Class 4: 1.0000
Training Accuracy of Class 5: 1.0000
Total Overall Training Accuracy: 0.8219560384750366
* Prec @1: 0.8220
Macro F1 Score on Training Set: 0.7555555701255798
Epoch: [51][0/123]	Iter Time 0.003 (0.003)	Data Time 0.003 (0.003)	
Validation Accuracy of Class 0: 0.5424
Validation Accuracy of Class 1: 0.9338
Validation Accuracy of Class 2: 0.3158
Validation Accuracy of Class 3: 0.8426
Validation Accuracy of Class 4: 0.5456
Validation Accuracy of Class 5: 0.4701
Total Overall Validation Accuracy: 0.6916007399559021
* Prec @1: 0.6916
Macro F1 Score on Validation Set: 0.6202888488769531
Epoch 52
Epoch: [52][0/572]	Iter Time 0.006 (0.006)	Data Time 0.003 (0.003)	Loss 0.6601 (0.6601)	Prec @1 0.7500 (0.7500)	
Training Accuracy of Class 0: 0.0000
Training Accuracy of Class 1: 1.0000
Training Accuracy of Class 2: 0.0000
Training Accuracy of Class 3: nan
Training Accuracy of Class 4: 0.7143
Training Accuracy of Class 5: nan
Total Overall Training Accuracy: 0.8257302641868591
* Prec @1: 0.8257
Macro F1 Score on Training Set: 0.25
Epoch: [52][0/123]	Iter Time 0.003 (0.003)	Data Time 0.003 (0.003)	
Validation Accuracy of Class 0: 0.5390
Validation Accuracy of Class 1: 0.9474
Validation Accuracy of Class 2: 0.3053
Validation Accuracy of Class 3: 0.7718
Validation Accuracy of Class 4: 0.4833
Validation Accuracy of Class 5: 0.4701
Total Overall Validation Accuracy: 0.65560382604599
* Prec @1: 0.6556
Macro F1 Score on Validation Set: 0.5948585271835327
Epoch 53
Epoch: [53][0/572]	Iter Time 0.006 (0.006)	Data Time 0.003 (0.003)	Loss 0.5607 (0.5607)	Prec @1 0.7812 (0.7812)	
Training Accuracy of Class 0: 1.0000
Training Accuracy of Class 1: 1.0000
Training Accuracy of Class 2: nan
Training Accuracy of Class 3: 1.0000
Training Accuracy of Class 4: 1.0000
Training Accuracy of Class 5: 1.0000
Total Overall Training Accuracy: 0.8279181718826294
* Prec @1: 0.8279
Macro F1 Score on Training Set: 1.0
Epoch: [53][0/123]	Iter Time 0.003 (0.003)	Data Time 0.003 (0.003)	
Validation Accuracy of Class 0: 0.5085
Validation Accuracy of Class 1: 0.9338
Validation Accuracy of Class 2: 0.2842
Validation Accuracy of Class 3: 0.7800
Validation Accuracy of Class 4: 0.6353
Validation Accuracy of Class 5: 0.6075
Total Overall Validation Accuracy: 0.6933878064155579
* Prec @1: 0.6934
Macro F1 Score on Validation Set: 0.628791332244873
Epoch 54
Epoch: [54][0/572]	Iter Time 0.006 (0.006)	Data Time 0.004 (0.004)	Loss 0.4805 (0.4805)	Prec @1 0.8438 (0.8438)	
Training Accuracy of Class 0: nan
Training Accuracy of Class 1: 0.5000
Training Accuracy of Class 2: nan
Training Accuracy of Class 3: 1.0000
Training Accuracy of Class 4: 0.8000
Training Accuracy of Class 5: 1.0000
Total Overall Training Accuracy: 0.8274258971214294
* Prec @1: 0.8274
Macro F1 Score on Training Set: 0.6711111068725586
Epoch: [54][0/123]	Iter Time 0.003 (0.003)	Data Time 0.003 (0.003)	
Validation Accuracy of Class 0: 0.5288
Validation Accuracy of Class 1: 0.9429
Validation Accuracy of Class 2: 0.3105
Validation Accuracy of Class 3: 0.8672
Validation Accuracy of Class 4: 0.6383
Validation Accuracy of Class 5: 0.4723
Total Overall Validation Accuracy: 0.7166199088096619
* Prec @1: 0.7166
Macro F1 Score on Validation Set: 0.6447948813438416
Epoch 55
Epoch: [55][0/572]	Iter Time 0.006 (0.006)	Data Time 0.003 (0.003)	Loss 0.5490 (0.5490)	Prec @1 0.7812 (0.7812)	
Training Accuracy of Class 0: 0.0000
Training Accuracy of Class 1: 1.0000
Training Accuracy of Class 2: 0.0000
Training Accuracy of Class 3: 1.0000
Training Accuracy of Class 4: 1.0000
Training Accuracy of Class 5: 0.5000
Total Overall Training Accuracy: 0.8291215896606445
* Prec @1: 0.8291
Macro F1 Score on Training Set: 0.4841269850730896
Epoch: [55][0/123]	Iter Time 0.003 (0.003)	Data Time 0.003 (0.003)	
Validation Accuracy of Class 0: 0.5627
Validation Accuracy of Class 1: 0.9038
Validation Accuracy of Class 2: 0.3289
Validation Accuracy of Class 3: 0.9080
Validation Accuracy of Class 4: 0.7872
Validation Accuracy of Class 5: 0.5166
Total Overall Validation Accuracy: 0.7597651481628418
* Prec @1: 0.7598
Macro F1 Score on Validation Set: 0.6835206747055054
Epoch 56
Epoch: [56][0/572]	Iter Time 0.006 (0.006)	Data Time 0.003 (0.003)	Loss 0.3292 (0.3292)	Prec @1 0.8125 (0.8125)	
Training Accuracy of Class 0: 1.0000
Training Accuracy of Class 1: nan
Training Accuracy of Class 2: 0.0000
Training Accuracy of Class 3: 1.0000
Training Accuracy of Class 4: nan
Training Accuracy of Class 5: 1.0000
Total Overall Training Accuracy: 0.8279728889465332
* Prec @1: 0.8280
Macro F1 Score on Training Set: 0.7333333492279053
Epoch: [56][0/123]	Iter Time 0.003 (0.003)	Data Time 0.003 (0.003)	
Validation Accuracy of Class 0: 0.5390
Validation Accuracy of Class 1: 0.9353
Validation Accuracy of Class 2: 0.2974
Validation Accuracy of Class 3: 0.8672
Validation Accuracy of Class 4: 0.6748
Validation Accuracy of Class 5: 0.4834
Total Overall Validation Accuracy: 0.7222364544868469
* Prec @1: 0.7222
Macro F1 Score on Validation Set: 0.6480227708816528
Epoch 57
Epoch: [57][0/572]	Iter Time 0.006 (0.006)	Data Time 0.003 (0.003)	Loss 0.5360 (0.5360)	Prec @1 0.7500 (0.7500)	
Training Accuracy of Class 0: 0.6667
Training Accuracy of Class 1: 1.0000
Training Accuracy of Class 2: nan
Training Accuracy of Class 3: 1.0000
Training Accuracy of Class 4: 1.0000
Training Accuracy of Class 5: 0.0000
Total Overall Training Accuracy: 0.8299967646598816
* Prec @1: 0.8300
Macro F1 Score on Training Set: 0.7314286231994629
Epoch: [57][0/123]	Iter Time 0.003 (0.003)	Data Time 0.003 (0.003)	
Validation Accuracy of Class 0: 0.5186
Validation Accuracy of Class 1: 0.9143
Validation Accuracy of Class 2: 0.3421
Validation Accuracy of Class 3: 0.8685
Validation Accuracy of Class 4: 0.6641
Validation Accuracy of Class 5: 0.5322
Total Overall Validation Accuracy: 0.7258105874061584
* Prec @1: 0.7258
Macro F1 Score on Validation Set: 0.6537405252456665
Epoch 58
Epoch: [58][0/572]	Iter Time 0.006 (0.006)	Data Time 0.003 (0.003)	Loss 0.3512 (0.3512)	Prec @1 0.8438 (0.8438)	
Training Accuracy of Class 0: nan
Training Accuracy of Class 1: 1.0000
Training Accuracy of Class 2: 0.3333
Training Accuracy of Class 3: 1.0000
Training Accuracy of Class 4: 1.0000
Training Accuracy of Class 5: 1.0000
Total Overall Training Accuracy: 0.828082263469696
* Prec @1: 0.8281
Macro F1 Score on Training Set: 0.8111111521720886
Epoch: [58][0/123]	Iter Time 0.003 (0.003)	Data Time 0.003 (0.003)	
Validation Accuracy of Class 0: 0.5322
Validation Accuracy of Class 1: 0.9504
Validation Accuracy of Class 2: 0.3026
Validation Accuracy of Class 3: 0.8168
Validation Accuracy of Class 4: 0.5182
Validation Accuracy of Class 5: 0.3769
Total Overall Validation Accuracy: 0.6673474907875061
* Prec @1: 0.6673
Macro F1 Score on Validation Set: 0.5933703184127808
Epoch 59
Epoch: [59][0/572]	Iter Time 0.006 (0.006)	Data Time 0.004 (0.004)	Loss 0.4300 (0.4300)	Prec @1 0.8125 (0.8125)	
Training Accuracy of Class 0: 0.0000
Training Accuracy of Class 1: 1.0000
Training Accuracy of Class 2: nan
Training Accuracy of Class 3: 0.5000
Training Accuracy of Class 4: 0.6000
Training Accuracy of Class 5: nan
Total Overall Training Accuracy: 0.8248003721237183
* Prec @1: 0.8248
Macro F1 Score on Training Set: 0.38999998569488525
Epoch: [59][0/123]	Iter Time 0.003 (0.003)	Data Time 0.003 (0.003)	
Validation Accuracy of Class 0: 0.5729
Validation Accuracy of Class 1: 0.9383
Validation Accuracy of Class 2: 0.3053
Validation Accuracy of Class 3: 0.8685
Validation Accuracy of Class 4: 0.6368
Validation Accuracy of Class 5: 0.4612
Total Overall Validation Accuracy: 0.7176410555839539
* Prec @1: 0.7176
Macro F1 Score on Validation Set: 0.6441132426261902
Epoch 60
Epoch: [60][0/572]	Iter Time 0.006 (0.006)	Data Time 0.003 (0.003)	Loss 0.4271 (0.4271)	Prec @1 0.8125 (0.8125)	
Training Accuracy of Class 0: nan
Training Accuracy of Class 1: 0.3333
Training Accuracy of Class 2: 0.0000
Training Accuracy of Class 3: 0.7500
Training Accuracy of Class 4: 1.0000
Training Accuracy of Class 5: nan
Total Overall Training Accuracy: 0.8282463550567627
* Prec @1: 0.8282
Macro F1 Score on Training Set: 0.375
Epoch: [60][0/123]	Iter Time 0.003 (0.003)	Data Time 0.003 (0.003)	
Validation Accuracy of Class 0: 0.6034
Validation Accuracy of Class 1: 0.9278
Validation Accuracy of Class 2: 0.3289
Validation Accuracy of Class 3: 0.8706
Validation Accuracy of Class 4: 0.5532
Validation Accuracy of Class 5: 0.4945
Total Overall Validation Accuracy: 0.7110033631324768
* Prec @1: 0.7110
Macro F1 Score on Validation Set: 0.6431635022163391
Epoch 61
Epoch: [61][0/572]	Iter Time 0.006 (0.006)	Data Time 0.004 (0.004)	Loss 0.6001 (0.6001)	Prec @1 0.7812 (0.7812)	
Training Accuracy of Class 0: nan
Training Accuracy of Class 1: 1.0000
Training Accuracy of Class 2: nan
Training Accuracy of Class 3: 0.8750
Training Accuracy of Class 4: nan
Training Accuracy of Class 5: 1.0000
Total Overall Training Accuracy: 0.8289027810096741
* Prec @1: 0.8289
Macro F1 Score on Training Set: 0.7333333492279053
Epoch: [61][0/123]	Iter Time 0.003 (0.003)	Data Time 0.003 (0.003)	
Validation Accuracy of Class 0: 0.6000
Validation Accuracy of Class 1: 0.9368
Validation Accuracy of Class 2: 0.2842
Validation Accuracy of Class 3: 0.8563
Validation Accuracy of Class 4: 0.7599
Validation Accuracy of Class 5: 0.6053
Total Overall Validation Accuracy: 0.7500638365745544
* Prec @1: 0.7501
Macro F1 Score on Validation Set: 0.6834593415260315
Epoch 62
Epoch: [62][0/572]	Iter Time 0.006 (0.006)	Data Time 0.003 (0.003)	Loss 0.5751 (0.5751)	Prec @1 0.7188 (0.7188)	
Training Accuracy of Class 0: 1.0000
Training Accuracy of Class 1: nan
Training Accuracy of Class 2: nan
Training Accuracy of Class 3: 1.0000
Training Accuracy of Class 4: 1.0000
Training Accuracy of Class 5: 1.0000
Total Overall Training Accuracy: 0.8272618055343628
* Prec @1: 0.8273
Macro F1 Score on Training Set: 1.0
Epoch: [62][0/123]	Iter Time 0.003 (0.003)	Data Time 0.003 (0.003)	
Validation Accuracy of Class 0: 0.5864
Validation Accuracy of Class 1: 0.9398
Validation Accuracy of Class 2: 0.3053
Validation Accuracy of Class 3: 0.8713
Validation Accuracy of Class 4: 0.6611
Validation Accuracy of Class 5: 0.4457
Total Overall Validation Accuracy: 0.7222364544868469
* Prec @1: 0.7222
Macro F1 Score on Validation Set: 0.6502547860145569
Epoch 63
Epoch: [63][0/572]	Iter Time 0.006 (0.006)	Data Time 0.003 (0.003)	Loss 0.5654 (0.5654)	Prec @1 0.7812 (0.7812)	
Training Accuracy of Class 0: 1.0000
Training Accuracy of Class 1: 0.0000
Training Accuracy of Class 2: 1.0000
Training Accuracy of Class 3: 0.8000
Training Accuracy of Class 4: 1.0000
Training Accuracy of Class 5: 1.0000
Total Overall Training Accuracy: 0.8314189314842224
* Prec @1: 0.8314
Macro F1 Score on Training Set: 0.7037037014961243
Epoch: [63][0/123]	Iter Time 0.003 (0.003)	Data Time 0.003 (0.003)	
Validation Accuracy of Class 0: 0.5695
Validation Accuracy of Class 1: 0.9504
Validation Accuracy of Class 2: 0.2684
Validation Accuracy of Class 3: 0.8624
Validation Accuracy of Class 4: 0.5456
Validation Accuracy of Class 5: 0.3215
Total Overall Validation Accuracy: 0.6821547150611877
* Prec @1: 0.6822
Macro F1 Score on Validation Set: 0.5978375673294067
Epoch 64
Epoch: [64][0/572]	Iter Time 0.006 (0.006)	Data Time 0.003 (0.003)	Loss 0.5336 (0.5336)	Prec @1 0.7812 (0.7812)	
Training Accuracy of Class 0: nan
Training Accuracy of Class 1: 1.0000
Training Accuracy of Class 2: 1.0000
Training Accuracy of Class 3: 1.0000
Training Accuracy of Class 4: 1.0000
Training Accuracy of Class 5: 1.0000
Total Overall Training Accuracy: 0.8314189314842224
* Prec @1: 0.8314
Macro F1 Score on Training Set: 1.0
Epoch: [64][0/123]	Iter Time 0.003 (0.003)	Data Time 0.003 (0.003)	
Validation Accuracy of Class 0: 0.5797
Validation Accuracy of Class 1: 0.9293
Validation Accuracy of Class 2: 0.3026
Validation Accuracy of Class 3: 0.9033
Validation Accuracy of Class 4: 0.7599
Validation Accuracy of Class 5: 0.4812
Total Overall Validation Accuracy: 0.752361536026001
* Prec @1: 0.7524
Macro F1 Score on Validation Set: 0.6750735640525818
Epoch 65
Epoch: [65][0/572]	Iter Time 0.006 (0.006)	Data Time 0.003 (0.003)	Loss 0.1992 (0.1992)	Prec @1 0.9375 (0.9375)	
Training Accuracy of Class 0: nan
Training Accuracy of Class 1: 1.0000
Training Accuracy of Class 2: 0.0000
Training Accuracy of Class 3: 1.0000
Training Accuracy of Class 4: 0.3333
Training Accuracy of Class 5: 1.0000
Total Overall Training Accuracy: 0.8290121555328369
* Prec @1: 0.8290
Macro F1 Score on Training Set: 0.6142857670783997
Epoch: [65][0/123]	Iter Time 0.003 (0.003)	Data Time 0.003 (0.003)	
Validation Accuracy of Class 0: 0.5458
Validation Accuracy of Class 1: 0.9323
Validation Accuracy of Class 2: 0.3184
Validation Accuracy of Class 3: 0.8270
Validation Accuracy of Class 4: 0.5866
Validation Accuracy of Class 5: 0.5211
Total Overall Validation Accuracy: 0.6987490653991699
* Prec @1: 0.6987
Macro F1 Score on Validation Set: 0.6303889751434326
Epoch 66
Epoch: [66][0/572]	Iter Time 0.006 (0.006)	Data Time 0.004 (0.004)	Loss 0.5794 (0.5794)	Prec @1 0.8125 (0.8125)	
Training Accuracy of Class 0: nan
Training Accuracy of Class 1: 0.5000
Training Accuracy of Class 2: 0.0000
Training Accuracy of Class 3: 1.0000
Training Accuracy of Class 4: 1.0000
Training Accuracy of Class 5: 1.0000
Total Overall Training Accuracy: 0.8318017721176147
* Prec @1: 0.8318
Macro F1 Score on Training Set: 0.5873016119003296
Epoch: [66][0/123]	Iter Time 0.003 (0.003)	Data Time 0.003 (0.003)	
Validation Accuracy of Class 0: 0.5932
Validation Accuracy of Class 1: 0.9218
Validation Accuracy of Class 2: 0.3053
Validation Accuracy of Class 3: 0.8999
Validation Accuracy of Class 4: 0.7188
Validation Accuracy of Class 5: 0.4945
Total Overall Validation Accuracy: 0.7457237839698792
* Prec @1: 0.7457
Macro F1 Score on Validation Set: 0.670686662197113
Epoch 67
Epoch: [67][0/572]	Iter Time 0.006 (0.006)	Data Time 0.003 (0.003)	Loss 0.5146 (0.5146)	Prec @1 0.7812 (0.7812)	
Training Accuracy of Class 0: 1.0000
Training Accuracy of Class 1: 1.0000
Training Accuracy of Class 2: nan
Training Accuracy of Class 3: 1.0000
Training Accuracy of Class 4: 0.3333
Training Accuracy of Class 5: 1.0000
Total Overall Training Accuracy: 0.8273711800575256
* Prec @1: 0.8274
Macro F1 Score on Training Set: 0.8600000143051147
Epoch: [67][0/123]	Iter Time 0.003 (0.003)	Data Time 0.003 (0.003)	
Validation Accuracy of Class 0: 0.5220
Validation Accuracy of Class 1: 0.9368
Validation Accuracy of Class 2: 0.3342
Validation Accuracy of Class 3: 0.8658
Validation Accuracy of Class 4: 0.6581
Validation Accuracy of Class 5: 0.4146
Total Overall Validation Accuracy: 0.7135563492774963
* Prec @1: 0.7136
Macro F1 Score on Validation Set: 0.6332454681396484
Epoch 68
Epoch: [68][0/572]	Iter Time 0.006 (0.006)	Data Time 0.003 (0.003)	Loss 0.5380 (0.5380)	Prec @1 0.8125 (0.8125)	
Training Accuracy of Class 0: 1.0000
Training Accuracy of Class 1: 1.0000
Training Accuracy of Class 2: nan
Training Accuracy of Class 3: 1.0000
Training Accuracy of Class 4: 1.0000
Training Accuracy of Class 5: 1.0000
Total Overall Training Accuracy: 0.8310360312461853
* Prec @1: 0.8310
Macro F1 Score on Training Set: 1.0
Epoch: [68][0/123]	Iter Time 0.003 (0.003)	Data Time 0.003 (0.003)	
Validation Accuracy of Class 0: 0.5119
Validation Accuracy of Class 1: 0.9098
Validation Accuracy of Class 2: 0.3684
Validation Accuracy of Class 3: 0.8542
Validation Accuracy of Class 4: 0.5608
Validation Accuracy of Class 5: 0.5299
Total Overall Validation Accuracy: 0.704110324382782
* Prec @1: 0.7041
Macro F1 Score on Validation Set: 0.634628176689148
Epoch 69
Epoch: [69][0/572]	Iter Time 0.006 (0.006)	Data Time 0.004 (0.004)	Loss 0.4944 (0.4944)	Prec @1 0.8125 (0.8125)	
Training Accuracy of Class 0: nan
Training Accuracy of Class 1: 0.5000
Training Accuracy of Class 2: nan
Training Accuracy of Class 3: 1.0000
Training Accuracy of Class 4: 1.0000
Training Accuracy of Class 5: 0.5000
Total Overall Training Accuracy: 0.8279181718826294
* Prec @1: 0.8279
Macro F1 Score on Training Set: 0.5555555820465088
Epoch: [69][0/123]	Iter Time 0.003 (0.003)	Data Time 0.003 (0.003)	
Validation Accuracy of Class 0: 0.5695
Validation Accuracy of Class 1: 0.9398
Validation Accuracy of Class 2: 0.3105
Validation Accuracy of Class 3: 0.8256
Validation Accuracy of Class 4: 0.5897
Validation Accuracy of Class 5: 0.4435
Total Overall Validation Accuracy: 0.6921113133430481
* Prec @1: 0.6921
Macro F1 Score on Validation Set: 0.6235108971595764
Epoch 70
Epoch: [70][0/572]	Iter Time 0.006 (0.006)	Data Time 0.003 (0.003)	Loss 0.4448 (0.4448)	Prec @1 0.8125 (0.8125)	
Training Accuracy of Class 0: 0.5000
Training Accuracy of Class 1: 1.0000
Training Accuracy of Class 2: 0.5000
Training Accuracy of Class 3: 1.0000
Training Accuracy of Class 4: nan
Training Accuracy of Class 5: nan
Total Overall Training Accuracy: 0.8305984139442444
* Prec @1: 0.8306
Macro F1 Score on Training Set: 0.7833333015441895
Epoch: [70][0/123]	Iter Time 0.003 (0.003)	Data Time 0.003 (0.003)	
Validation Accuracy of Class 0: 0.5661
Validation Accuracy of Class 1: 0.9323
Validation Accuracy of Class 2: 0.3237
Validation Accuracy of Class 3: 0.8971
Validation Accuracy of Class 4: 0.6733
Validation Accuracy of Class 5: 0.3902
Total Overall Validation Accuracy: 0.7265765070915222
* Prec @1: 0.7266
Macro F1 Score on Validation Set: 0.6469354629516602
Epoch 71
Epoch: [71][0/572]	Iter Time 0.006 (0.006)	Data Time 0.003 (0.003)	Loss 0.5643 (0.5643)	Prec @1 0.7188 (0.7188)	
Training Accuracy of Class 0: 0.3333
Training Accuracy of Class 1: 1.0000
Training Accuracy of Class 2: 0.0000
Training Accuracy of Class 3: 1.0000
Training Accuracy of Class 4: 1.0000
Training Accuracy of Class 5: 0.0000
Total Overall Training Accuracy: 0.8364511728286743
* Prec @1: 0.8365
Macro F1 Score on Training Set: 0.4563491940498352
Epoch: [71][0/123]	Iter Time 0.003 (0.003)	Data Time 0.003 (0.003)	
Validation Accuracy of Class 0: 0.5593
Validation Accuracy of Class 1: 0.9368
Validation Accuracy of Class 2: 0.2895
Validation Accuracy of Class 3: 0.9114
Validation Accuracy of Class 4: 0.6353
Validation Accuracy of Class 5: 0.3171
Total Overall Validation Accuracy: 0.7140669226646423
* Prec @1: 0.7141
Macro F1 Score on Validation Set: 0.6250574588775635
Epoch 72
Epoch: [72][0/572]	Iter Time 0.006 (0.006)	Data Time 0.003 (0.003)	Loss 0.2437 (0.2437)	Prec @1 0.9062 (0.9062)	
Training Accuracy of Class 0: nan
Training Accuracy of Class 1: 0.6667
Training Accuracy of Class 2: 0.0000
Training Accuracy of Class 3: 1.0000
Training Accuracy of Class 4: 1.0000
Training Accuracy of Class 5: nan
Total Overall Training Accuracy: 0.8371622562408447
* Prec @1: 0.8372
Macro F1 Score on Training Set: 0.46666669845581055
Epoch: [72][0/123]	Iter Time 0.003 (0.003)	Data Time 0.003 (0.003)	
Validation Accuracy of Class 0: 0.5356
Validation Accuracy of Class 1: 0.9293
Validation Accuracy of Class 2: 0.2789
Validation Accuracy of Class 3: 0.6778
Validation Accuracy of Class 4: 0.4331
Validation Accuracy of Class 5: 0.4035
Total Overall Validation Accuracy: 0.5984171628952026
* Prec @1: 0.5984
Macro F1 Score on Validation Set: 0.5357533097267151
Epoch 73
Epoch: [73][0/572]	Iter Time 0.006 (0.006)	Data Time 0.003 (0.003)	Loss 0.5428 (0.5428)	Prec @1 0.7812 (0.7812)	
Training Accuracy of Class 0: 1.0000
Training Accuracy of Class 1: 0.0000
Training Accuracy of Class 2: 0.0000
Training Accuracy of Class 3: 0.0000
Training Accuracy of Class 4: 0.3333
Training Accuracy of Class 5: 1.0000
Total Overall Training Accuracy: 0.8324581980705261
* Prec @1: 0.8325
Macro F1 Score on Training Set: 0.4166666865348816
Epoch: [73][0/123]	Iter Time 0.003 (0.003)	Data Time 0.003 (0.003)	
Validation Accuracy of Class 0: 0.3559
Validation Accuracy of Class 1: 0.9444
Validation Accuracy of Class 2: 0.1211
Validation Accuracy of Class 3: 0.1172
Validation Accuracy of Class 4: 0.0426
Validation Accuracy of Class 5: 0.1109
Total Overall Validation Accuracy: 0.2627010643482208
* Prec @1: 0.2627
Macro F1 Score on Validation Set: 0.20284713804721832
Epoch 74
Epoch: [74][0/572]	Iter Time 0.006 (0.006)	Data Time 0.003 (0.003)	Loss 0.3186 (0.3186)	Prec @1 0.8750 (0.8750)	
Training Accuracy of Class 0: nan
Training Accuracy of Class 1: 1.0000
Training Accuracy of Class 2: 1.0000
Training Accuracy of Class 3: 1.0000
Training Accuracy of Class 4: 1.0000
Training Accuracy of Class 5: 1.0000
Total Overall Training Accuracy: 0.8348649144172668
* Prec @1: 0.8349
Macro F1 Score on Training Set: 1.0
Epoch: [74][0/123]	Iter Time 0.003 (0.003)	Data Time 0.003 (0.003)	
Validation Accuracy of Class 0: 0.5729
Validation Accuracy of Class 1: 0.9323
Validation Accuracy of Class 2: 0.3395
Validation Accuracy of Class 3: 0.8794
Validation Accuracy of Class 4: 0.6413
Validation Accuracy of Class 5: 0.4523
Total Overall Validation Accuracy: 0.7237682342529297
* Prec @1: 0.7238
Macro F1 Score on Validation Set: 0.6534148454666138
Epoch 75
Epoch: [75][0/572]	Iter Time 0.006 (0.006)	Data Time 0.004 (0.004)	Loss 0.4556 (0.4556)	Prec @1 0.8438 (0.8438)	
Training Accuracy of Class 0: 0.0000
Training Accuracy of Class 1: 1.0000
Training Accuracy of Class 2: 0.0000
Training Accuracy of Class 3: 1.0000
Training Accuracy of Class 4: 1.0000
Training Accuracy of Class 5: 1.0000
Total Overall Training Accuracy: 0.8337162733078003
* Prec @1: 0.8337
Macro F1 Score on Training Set: 0.6000000238418579
Epoch: [75][0/123]	Iter Time 0.003 (0.003)	Data Time 0.003 (0.003)	
Validation Accuracy of Class 0: 0.6237
Validation Accuracy of Class 1: 0.9398
Validation Accuracy of Class 2: 0.3026
Validation Accuracy of Class 3: 0.9040
Validation Accuracy of Class 4: 0.7143
Validation Accuracy of Class 5: 0.3947
Total Overall Validation Accuracy: 0.7401072382926941
* Prec @1: 0.7401
Macro F1 Score on Validation Set: 0.6625916957855225
Early stopping triggered at epoch 75
Best Prec @1 Acccuracy: 0.7598
Epoch where best accuracy reached: 55
Best Validation Accuracy of Class 0: 0.5627
Best Validation Accuracy of Class 1: 0.9038
Best Validation Accuracy of Class 2: 0.3289
Best Validation Accuracy of Class 3: 0.9080
Best Validation Accuracy of Class 4: 0.7872
Best Validation Accuracy of Class 5: 0.5166
Preparing for testing...
Testing initiated!
Test loader successfully iterating
Iter Time 0.004 (0.004)	Data Time 0.003 (0.003)	
Test Accuracy of Class 0: 0.6203
Test Accuracy of Class 1: 0.9013
Test Accuracy of Class 2: 0.3651
Test Accuracy of Class 3: 0.9084
Test Accuracy of Class 4: 0.7641
Test Accuracy of Class 5: 0.5492
Macro F1 Score on Test Set: 0.6944371461868286
Total Overall Test Accuracy: 0.7657565474510193
Final Confusion Matrix: tensor([[6.2030e-01, 1.5446e-01, 2.6455e-03, 6.7340e-04, 0.0000e+00, 4.0984e-03],
        [9.0226e-02, 9.0127e-01, 4.2328e-02, 1.2795e-02, 0.0000e+00, 6.1475e-03],
        [3.3835e-02, 1.6720e-01, 3.6508e-01, 5.9933e-02, 0.0000e+00, 7.5820e-02],
        [1.2406e-01, 2.2293e-02, 1.4815e-01, 9.0842e-01, 2.8190e-02, 2.8689e-02],
        [6.0150e-02, 3.1847e-03, 0.0000e+00, 9.4949e-02, 7.6409e-01, 0.0000e+00],
        [4.1353e-02, 8.7580e-02, 3.3862e-01, 1.7508e-02, 0.0000e+00, 5.4918e-01]])
Saving results
   Predicted  Actual
0          4       4
1          1       1
2          5       5
3          2       2
4          3       3
---------------------------------------
Begin Slurm Epilog: Apr-24-2026 23:43:12
Job ID:        5064102
User ID:       eyang82
Account:       cse
Job name:      CNN
Resources:     cpu=8,gres/gpu:l40s=1,mem=128G,node=1
Rsrc Used:     cput=01:36:08,vmem=0,walltime=00:12:01,mem=40496K,energy_used=0
Partition:     ice-gpu
QOS:           coc-ice
Nodes:         atl1-1-03-004-25-0
---------------------------------------
