---------------------------------------
Begin Slurm Prolog: Apr-24-2026 23:18:28
Job ID:    5064072
User ID:   eyang82
Account:   cse
Job name:  CNNAdam
Partition: ice-gpu
QOS:       coc-ice
---------------------------------------
Fri Apr 24 23:18:29 2026       
+-----------------------------------------------------------------------------------------+
| NVIDIA-SMI 580.105.08             Driver Version: 580.105.08     CUDA Version: 13.0     |
+-----------------------------------------+------------------------+----------------------+
| GPU  Name                 Persistence-M | Bus-Id          Disp.A | Volatile Uncorr. ECC |
| Fan  Temp   Perf          Pwr:Usage/Cap |           Memory-Usage | GPU-Util  Compute M. |
|                                         |                        |               MIG M. |
|=========================================+========================+======================|
|   0  NVIDIA L40S                    On  |   00000000:1E:00.0 Off |                    0 |
| N/A   36C    P8             32W /  350W |       0MiB /  46068MiB |      0%      Default |
|                                         |                        |                  N/A |
+-----------------------------------------+------------------------+----------------------+

+-----------------------------------------------------------------------------------------+
| Processes:                                                                              |
|  GPU   GI   CI              PID   Type   Process name                        GPU Memory |
|        ID   ID                                                               Usage      |
|=========================================================================================|
|  No running processes found                                                             |
+-----------------------------------------------------------------------------------------+
Device: cuda
batch_size: 32
learning_rate: 0.002
reg: 0.001
epochs: 1000
steps: [6, 8]
warmup: 0
momentum: 0.9
seed: 42
patience: 20
min_delta: 1e-05
save_best: True
save_preds: True
model: CNN
optimizer: ADAM
scheduler: True
class_weighting: False
early_stopping: True
Dataset created
Dataset split complete
Data loaders initiated
Length of test loader: 123
Epoch 0
Epoch: [0][0/572]	Iter Time 5.032 (5.032)	Data Time 0.011 (0.011)	Loss 1.7900 (1.7900)	Prec @1 0.1562 (0.1562)	
Training Accuracy of Class 0: 0.0000
Training Accuracy of Class 1: 0.0000
Training Accuracy of Class 2: nan
Training Accuracy of Class 3: 1.0000
Training Accuracy of Class 4: 0.0000
Training Accuracy of Class 5: 0.0000
Total Overall Training Accuracy: 0.48194947838783264
* Prec @1: 0.4819
Macro F1 Score on Training Set: 0.13333334028720856
Epoch: [0][0/123]	Iter Time 0.006 (0.006)	Data Time 0.005 (0.005)	
Validation Accuracy of Class 0: 0.1932
Validation Accuracy of Class 1: 0.1835
Validation Accuracy of Class 2: 0.0000
Validation Accuracy of Class 3: 0.9830
Validation Accuracy of Class 4: 0.0061
Validation Accuracy of Class 5: 0.0022
Total Overall Validation Accuracy: 0.415368914604187
* Prec @1: 0.4154
Macro F1 Score on Validation Set: 0.18707679212093353
Epoch 1
Epoch: [1][0/572]	Iter Time 0.007 (0.007)	Data Time 0.004 (0.004)	Loss 1.1662 (1.1662)	Prec @1 0.5625 (0.5625)	
Training Accuracy of Class 0: nan
Training Accuracy of Class 1: 0.3333
Training Accuracy of Class 2: nan
Training Accuracy of Class 3: 1.0000
Training Accuracy of Class 4: 0.6667
Training Accuracy of Class 5: 0.0000
Total Overall Training Accuracy: 0.6041461825370789
* Prec @1: 0.6041
Macro F1 Score on Training Set: 0.5142857432365417
Epoch: [1][0/123]	Iter Time 0.003 (0.003)	Data Time 0.003 (0.003)	
Validation Accuracy of Class 0: 0.2339
Validation Accuracy of Class 1: 0.5729
Validation Accuracy of Class 2: 0.0000
Validation Accuracy of Class 3: 0.8903
Validation Accuracy of Class 4: 0.4544
Validation Accuracy of Class 5: 0.7140
Total Overall Validation Accuracy: 0.6070972681045532
* Prec @1: 0.6071
Macro F1 Score on Validation Set: 0.4627385139465332
Epoch 2
Epoch: [2][0/572]	Iter Time 0.007 (0.007)	Data Time 0.004 (0.004)	Loss 0.7880 (0.7880)	Prec @1 0.7188 (0.7188)	
Training Accuracy of Class 0: nan
Training Accuracy of Class 1: 0.0000
Training Accuracy of Class 2: nan
Training Accuracy of Class 3: 1.0000
Training Accuracy of Class 4: 1.0000
Training Accuracy of Class 5: 0.0000
Total Overall Training Accuracy: 0.6587353944778442
* Prec @1: 0.6587
Macro F1 Score on Training Set: 0.3125
Epoch: [2][0/123]	Iter Time 0.003 (0.003)	Data Time 0.003 (0.003)	
Validation Accuracy of Class 0: 0.1864
Validation Accuracy of Class 1: 0.7113
Validation Accuracy of Class 2: 0.0000
Validation Accuracy of Class 3: 0.9033
Validation Accuracy of Class 4: 0.4027
Validation Accuracy of Class 5: 0.7140
Total Overall Validation Accuracy: 0.6231810450553894
* Prec @1: 0.6232
Macro F1 Score on Validation Set: 0.46724933385849
Epoch 3
Epoch: [3][0/572]	Iter Time 0.007 (0.007)	Data Time 0.003 (0.003)	Loss 1.4402 (1.4402)	Prec @1 0.5000 (0.5000)	
Training Accuracy of Class 0: nan
Training Accuracy of Class 1: 1.0000
Training Accuracy of Class 2: nan
Training Accuracy of Class 3: 0.8571
Training Accuracy of Class 4: nan
Training Accuracy of Class 5: 0.0000
Total Overall Training Accuracy: 0.694344162940979
* Prec @1: 0.6943
Macro F1 Score on Training Set: 0.31794872879981995
Epoch: [3][0/123]	Iter Time 0.003 (0.003)	Data Time 0.003 (0.003)	
Validation Accuracy of Class 0: 0.2508
Validation Accuracy of Class 1: 0.8436
Validation Accuracy of Class 2: 0.0000
Validation Accuracy of Class 3: 0.7970
Validation Accuracy of Class 4: 0.1185
Validation Accuracy of Class 5: 0.7805
Total Overall Validation Accuracy: 0.5705897808074951
* Prec @1: 0.5706
Macro F1 Score on Validation Set: 0.4163479804992676
Epoch 4
Epoch: [4][0/572]	Iter Time 0.007 (0.007)	Data Time 0.003 (0.003)	Loss 0.5797 (0.5797)	Prec @1 0.8125 (0.8125)	
Training Accuracy of Class 0: 1.0000
Training Accuracy of Class 1: nan
Training Accuracy of Class 2: 0.0000
Training Accuracy of Class 3: 1.0000
Training Accuracy of Class 4: 0.5000
Training Accuracy of Class 5: nan
Total Overall Training Accuracy: 0.7199978232383728
* Prec @1: 0.7200
Macro F1 Score on Training Set: 0.4292929470539093
Epoch: [4][0/123]	Iter Time 0.003 (0.003)	Data Time 0.003 (0.003)	
Validation Accuracy of Class 0: 0.2508
Validation Accuracy of Class 1: 0.8662
Validation Accuracy of Class 2: 0.0974
Validation Accuracy of Class 3: 0.9019
Validation Accuracy of Class 4: 0.3222
Validation Accuracy of Class 5: 0.5144
Total Overall Validation Accuracy: 0.6267551779747009
* Prec @1: 0.6268
Macro F1 Score on Validation Set: 0.49486756324768066
Epoch 5
Epoch: [5][0/572]	Iter Time 0.007 (0.007)	Data Time 0.003 (0.003)	Loss 0.8027 (0.8027)	Prec @1 0.8438 (0.8438)	
Training Accuracy of Class 0: nan
Training Accuracy of Class 1: 1.0000
Training Accuracy of Class 2: 0.3333
Training Accuracy of Class 3: 1.0000
Training Accuracy of Class 4: 0.5000
Training Accuracy of Class 5: 1.0000
Total Overall Training Accuracy: 0.7384312748908997
* Prec @1: 0.7384
Macro F1 Score on Training Set: 0.7166666984558105
Epoch: [5][0/123]	Iter Time 0.003 (0.003)	Data Time 0.003 (0.003)	
Validation Accuracy of Class 0: 0.3017
Validation Accuracy of Class 1: 0.8902
Validation Accuracy of Class 2: 0.0237
Validation Accuracy of Class 3: 0.8658
Validation Accuracy of Class 4: 0.4483
Validation Accuracy of Class 5: 0.5654
Total Overall Validation Accuracy: 0.6410518288612366
* Prec @1: 0.6411
Macro F1 Score on Validation Set: 0.5064150094985962
Epoch 6
Epoch: [6][0/572]	Iter Time 0.007 (0.007)	Data Time 0.004 (0.004)	Loss 0.5832 (0.5832)	Prec @1 0.7812 (0.7812)	
Training Accuracy of Class 0: 1.0000
Training Accuracy of Class 1: 1.0000
Training Accuracy of Class 2: 0.0000
Training Accuracy of Class 3: 1.0000
Training Accuracy of Class 4: 0.4000
Training Accuracy of Class 5: nan
Total Overall Training Accuracy: 0.7541844844818115
* Prec @1: 0.7542
Macro F1 Score on Training Set: 0.49523812532424927
Epoch: [6][0/123]	Iter Time 0.003 (0.003)	Data Time 0.003 (0.003)	
Validation Accuracy of Class 0: 0.1797
Validation Accuracy of Class 1: 0.9128
Validation Accuracy of Class 2: 0.1158
Validation Accuracy of Class 3: 0.7473
Validation Accuracy of Class 4: 0.1505
Validation Accuracy of Class 5: 0.3481
Total Overall Validation Accuracy: 0.5251468420028687
* Prec @1: 0.5251
Macro F1 Score on Validation Set: 0.389816552400589
Epoch 7
Epoch: [7][0/572]	Iter Time 0.007 (0.007)	Data Time 0.003 (0.003)	Loss 0.6254 (0.6254)	Prec @1 0.7812 (0.7812)	
Training Accuracy of Class 0: 0.0000
Training Accuracy of Class 1: 0.7500
Training Accuracy of Class 2: nan
Training Accuracy of Class 3: 1.0000
Training Accuracy of Class 4: 1.0000
Training Accuracy of Class 5: 1.0000
Total Overall Training Accuracy: 0.7718521356582642
* Prec @1: 0.7719
Macro F1 Score on Training Set: 0.6666666865348816
Epoch: [7][0/123]	Iter Time 0.003 (0.003)	Data Time 0.003 (0.003)	
Validation Accuracy of Class 0: 0.3729
Validation Accuracy of Class 1: 0.9023
Validation Accuracy of Class 2: 0.2263
Validation Accuracy of Class 3: 0.8113
Validation Accuracy of Class 4: 0.3647
Validation Accuracy of Class 5: 0.5765
Total Overall Validation Accuracy: 0.6349247097969055
* Prec @1: 0.6349
Macro F1 Score on Validation Set: 0.5496077537536621
Epoch 8
Epoch: [8][0/572]	Iter Time 0.007 (0.007)	Data Time 0.003 (0.003)	Loss 0.4794 (0.4794)	Prec @1 0.7812 (0.7812)	
Training Accuracy of Class 0: nan
Training Accuracy of Class 1: 0.5000
Training Accuracy of Class 2: 0.3333
Training Accuracy of Class 3: 1.0000
Training Accuracy of Class 4: 1.0000
Training Accuracy of Class 5: 0.5000
Total Overall Training Accuracy: 0.7789629101753235
* Prec @1: 0.7790
Macro F1 Score on Training Set: 0.6609524488449097
Epoch: [8][0/123]	Iter Time 0.003 (0.003)	Data Time 0.003 (0.003)	
Validation Accuracy of Class 0: 0.2407
Validation Accuracy of Class 1: 0.7489
Validation Accuracy of Class 2: 0.2316
Validation Accuracy of Class 3: 0.9380
Validation Accuracy of Class 4: 0.4970
Validation Accuracy of Class 5: 0.5698
Total Overall Validation Accuracy: 0.6683686971664429
* Prec @1: 0.6684
Macro F1 Score on Validation Set: 0.5586832761764526
Epoch 9
Epoch: [9][0/572]	Iter Time 0.007 (0.007)	Data Time 0.004 (0.004)	Loss 0.8277 (0.8277)	Prec @1 0.7500 (0.7500)	
Training Accuracy of Class 0: 1.0000
Training Accuracy of Class 1: 1.0000
Training Accuracy of Class 2: nan
Training Accuracy of Class 3: 0.5714
Training Accuracy of Class 4: 1.0000
Training Accuracy of Class 5: nan
Total Overall Training Accuracy: 0.7866754531860352
* Prec @1: 0.7867
Macro F1 Score on Training Set: 0.6212121248245239
Epoch: [9][0/123]	Iter Time 0.003 (0.003)	Data Time 0.003 (0.003)	
Validation Accuracy of Class 0: 0.3254
Validation Accuracy of Class 1: 0.9173
Validation Accuracy of Class 2: 0.2711
Validation Accuracy of Class 3: 0.7309
Validation Accuracy of Class 4: 0.2052
Validation Accuracy of Class 5: 0.5322
Total Overall Validation Accuracy: 0.5762063264846802
* Prec @1: 0.5762
Macro F1 Score on Validation Set: 0.4913741946220398
Epoch 10
Epoch: [10][0/572]	Iter Time 0.007 (0.007)	Data Time 0.004 (0.004)	Loss 0.7274 (0.7274)	Prec @1 0.6875 (0.6875)	
Training Accuracy of Class 0: 1.0000
Training Accuracy of Class 1: 1.0000
Training Accuracy of Class 2: nan
Training Accuracy of Class 3: 1.0000
Training Accuracy of Class 4: nan
Training Accuracy of Class 5: 1.0000
Total Overall Training Accuracy: 0.7413849830627441
* Prec @1: 0.7414
Macro F1 Score on Training Set: 1.0
Epoch: [10][0/123]	Iter Time 0.003 (0.003)	Data Time 0.003 (0.003)	
Validation Accuracy of Class 0: 0.4339
Validation Accuracy of Class 1: 0.8376
Validation Accuracy of Class 2: 0.1842
Validation Accuracy of Class 3: 0.6185
Validation Accuracy of Class 4: 0.0988
Validation Accuracy of Class 5: 0.5211
Total Overall Validation Accuracy: 0.5011488795280457
* Prec @1: 0.5011
Macro F1 Score on Validation Set: 0.42726120352745056
Epoch 11
Epoch: [11][0/572]	Iter Time 0.007 (0.007)	Data Time 0.004 (0.004)	Loss 0.4204 (0.4204)	Prec @1 0.8750 (0.8750)	
Training Accuracy of Class 0: nan
Training Accuracy of Class 1: 1.0000
Training Accuracy of Class 2: 0.0000
Training Accuracy of Class 3: 0.7500
Training Accuracy of Class 4: 1.0000
Training Accuracy of Class 5: 1.0000
Total Overall Training Accuracy: 0.7528169751167297
* Prec @1: 0.7528
Macro F1 Score on Training Set: 0.6380952596664429
Epoch: [11][0/123]	Iter Time 0.003 (0.003)	Data Time 0.003 (0.003)	
Validation Accuracy of Class 0: 0.2034
Validation Accuracy of Class 1: 0.9068
Validation Accuracy of Class 2: 0.0895
Validation Accuracy of Class 3: 0.6519
Validation Accuracy of Class 4: 0.5091
Validation Accuracy of Class 5: 0.8825
Total Overall Validation Accuracy: 0.6093949675559998
* Prec @1: 0.6094
Macro F1 Score on Validation Set: 0.512854278087616
Epoch 12
Epoch: [12][0/572]	Iter Time 0.007 (0.007)	Data Time 0.004 (0.004)	Loss 0.5594 (0.5594)	Prec @1 0.7812 (0.7812)	
Training Accuracy of Class 0: nan
Training Accuracy of Class 1: 1.0000
Training Accuracy of Class 2: nan
Training Accuracy of Class 3: 0.5000
Training Accuracy of Class 4: 0.5000
Training Accuracy of Class 5: 1.0000
Total Overall Training Accuracy: 0.763373851776123
* Prec @1: 0.7634
Macro F1 Score on Training Set: 0.6133333444595337
Epoch: [12][0/123]	Iter Time 0.003 (0.003)	Data Time 0.003 (0.003)	
Validation Accuracy of Class 0: 0.3017
Validation Accuracy of Class 1: 0.9368
Validation Accuracy of Class 2: 0.2526
Validation Accuracy of Class 3: 0.6267
Validation Accuracy of Class 4: 0.1337
Validation Accuracy of Class 5: 0.3636
Total Overall Validation Accuracy: 0.505488932132721
* Prec @1: 0.5055
Macro F1 Score on Validation Set: 0.42432254552841187
Epoch 13
Epoch: [13][0/572]	Iter Time 0.007 (0.007)	Data Time 0.004 (0.004)	Loss 0.3277 (0.3277)	Prec @1 0.8750 (0.8750)	
Training Accuracy of Class 0: 1.0000
Training Accuracy of Class 1: 0.5000
Training Accuracy of Class 2: 0.2500
Training Accuracy of Class 3: 0.5000
Training Accuracy of Class 4: 1.0000
Training Accuracy of Class 5: nan
Total Overall Training Accuracy: 0.7746964693069458
* Prec @1: 0.7747
Macro F1 Score on Training Set: 0.6000000238418579
Epoch: [13][0/123]	Iter Time 0.003 (0.003)	Data Time 0.003 (0.003)	
Validation Accuracy of Class 0: 0.2712
Validation Accuracy of Class 1: 0.9008
Validation Accuracy of Class 2: 0.3868
Validation Accuracy of Class 3: 0.6901
Validation Accuracy of Class 4: 0.4119
Validation Accuracy of Class 5: 0.5898
Total Overall Validation Accuracy: 0.6065866947174072
* Prec @1: 0.6066
Macro F1 Score on Validation Set: 0.5435876250267029
Epoch 14
Epoch: [14][0/572]	Iter Time 0.007 (0.007)	Data Time 0.004 (0.004)	Loss 0.4924 (0.4924)	Prec @1 0.8125 (0.8125)	
Training Accuracy of Class 0: nan
Training Accuracy of Class 1: nan
Training Accuracy of Class 2: 0.6667
Training Accuracy of Class 3: 0.7500
Training Accuracy of Class 4: 1.0000
Training Accuracy of Class 5: 1.0000
Total Overall Training Accuracy: 0.7918171286582947
* Prec @1: 0.7918
Macro F1 Score on Training Set: 0.8041666746139526
Epoch: [14][0/123]	Iter Time 0.003 (0.003)	Data Time 0.003 (0.003)	
Validation Accuracy of Class 0: 0.3695
Validation Accuracy of Class 1: 0.9188
Validation Accuracy of Class 2: 0.2395
Validation Accuracy of Class 3: 0.2248
Validation Accuracy of Class 4: 0.0122
Validation Accuracy of Class 5: 0.3481
Total Overall Validation Accuracy: 0.33341845870018005
* Prec @1: 0.3334
Macro F1 Score on Validation Set: 0.31040823459625244
Epoch 15
Epoch: [15][0/572]	Iter Time 0.007 (0.007)	Data Time 0.004 (0.004)	Loss 0.8883 (0.8883)	Prec @1 0.6250 (0.6250)	
Training Accuracy of Class 0: 1.0000
Training Accuracy of Class 1: nan
Training Accuracy of Class 2: 0.0000
Training Accuracy of Class 3: 1.0000
Training Accuracy of Class 4: 0.5000
Training Accuracy of Class 5: 1.0000
Total Overall Training Accuracy: 0.8038508296012878
* Prec @1: 0.8039
Macro F1 Score on Training Set: 0.6711111068725586
Epoch: [15][0/123]	Iter Time 0.003 (0.003)	Data Time 0.003 (0.003)	
Validation Accuracy of Class 0: 0.4034
Validation Accuracy of Class 1: 0.9353
Validation Accuracy of Class 2: 0.2316
Validation Accuracy of Class 3: 0.3283
Validation Accuracy of Class 4: 0.0289
Validation Accuracy of Class 5: 0.1996
Total Overall Validation Accuracy: 0.3625223636627197
* Prec @1: 0.3625
Macro F1 Score on Validation Set: 0.32302695512771606
Epoch 16
Epoch: [16][0/572]	Iter Time 0.007 (0.007)	Data Time 0.004 (0.004)	Loss 0.3811 (0.3811)	Prec @1 0.8438 (0.8438)	
Training Accuracy of Class 0: nan
Training Accuracy of Class 1: 1.0000
Training Accuracy of Class 2: 1.0000
Training Accuracy of Class 3: 0.6667
Training Accuracy of Class 4: 1.0000
Training Accuracy of Class 5: 1.0000
Total Overall Training Accuracy: 0.8184553384780884
* Prec @1: 0.8185
Macro F1 Score on Training Set: 0.8600000143051147
Epoch: [16][0/123]	Iter Time 0.003 (0.003)	Data Time 0.003 (0.003)	
Validation Accuracy of Class 0: 0.4610
Validation Accuracy of Class 1: 0.9023
Validation Accuracy of Class 2: 0.3289
Validation Accuracy of Class 3: 0.5341
Validation Accuracy of Class 4: 0.3207
Validation Accuracy of Class 5: 0.5987
Total Overall Validation Accuracy: 0.5427623391151428
* Prec @1: 0.5428
Macro F1 Score on Validation Set: 0.5179722309112549
Epoch 17
Epoch: [17][0/572]	Iter Time 0.007 (0.007)	Data Time 0.004 (0.004)	Loss 0.2568 (0.2568)	Prec @1 0.9375 (0.9375)	
Training Accuracy of Class 0: 1.0000
Training Accuracy of Class 1: nan
Training Accuracy of Class 2: nan
Training Accuracy of Class 3: 0.7500
Training Accuracy of Class 4: 1.0000
Training Accuracy of Class 5: 1.0000
Total Overall Training Accuracy: 0.8365605473518372
* Prec @1: 0.8366
Macro F1 Score on Training Set: 0.7714285850524902
Epoch: [17][0/123]	Iter Time 0.003 (0.003)	Data Time 0.003 (0.003)	
Validation Accuracy of Class 0: 0.6271
Validation Accuracy of Class 1: 0.8632
Validation Accuracy of Class 2: 0.1711
Validation Accuracy of Class 3: 0.7834
Validation Accuracy of Class 4: 0.6535
Validation Accuracy of Class 5: 0.8137
Total Overall Validation Accuracy: 0.7074291706085205
* Prec @1: 0.7074
Macro F1 Score on Validation Set: 0.6435297727584839
Epoch 18
Epoch: [18][0/572]	Iter Time 0.007 (0.007)	Data Time 0.004 (0.004)	Loss 0.3605 (0.3605)	Prec @1 0.8438 (0.8438)	
Training Accuracy of Class 0: 1.0000
Training Accuracy of Class 1: 1.0000
Training Accuracy of Class 2: nan
Training Accuracy of Class 3: 0.8333
Training Accuracy of Class 4: 1.0000
Training Accuracy of Class 5: 0.0000
Total Overall Training Accuracy: 0.8517667651176453
* Prec @1: 0.8518
Macro F1 Score on Training Set: 0.5959596037864685
Epoch: [18][0/123]	Iter Time 0.003 (0.003)	Data Time 0.003 (0.003)	
Validation Accuracy of Class 0: 0.3119
Validation Accuracy of Class 1: 0.7489
Validation Accuracy of Class 2: 0.4079
Validation Accuracy of Class 3: 0.4789
Validation Accuracy of Class 4: 0.4514
Validation Accuracy of Class 5: 0.7295
Total Overall Validation Accuracy: 0.529486894607544
* Prec @1: 0.5295
Macro F1 Score on Validation Set: 0.5144493579864502
Epoch 19
Epoch: [19][0/572]	Iter Time 0.007 (0.007)	Data Time 0.004 (0.004)	Loss 0.1723 (0.1723)	Prec @1 0.9688 (0.9688)	
Training Accuracy of Class 0: nan
Training Accuracy of Class 1: 1.0000
Training Accuracy of Class 2: 1.0000
Training Accuracy of Class 3: 1.0000
Training Accuracy of Class 4: 1.0000
Training Accuracy of Class 5: 0.5000
Total Overall Training Accuracy: 0.871130108833313
* Prec @1: 0.8711
Macro F1 Score on Training Set: 0.7777777910232544
Epoch: [19][0/123]	Iter Time 0.003 (0.003)	Data Time 0.003 (0.003)	
Validation Accuracy of Class 0: 0.3288
Validation Accuracy of Class 1: 0.8346
Validation Accuracy of Class 2: 0.4526
Validation Accuracy of Class 3: 0.5000
Validation Accuracy of Class 4: 0.2599
Validation Accuracy of Class 5: 0.4080
Total Overall Validation Accuracy: 0.4883839786052704
* Prec @1: 0.4884
Macro F1 Score on Validation Set: 0.4593656063079834
Epoch 20
Epoch: [20][0/572]	Iter Time 0.007 (0.007)	Data Time 0.004 (0.004)	Loss 0.3183 (0.3183)	Prec @1 0.9375 (0.9375)	
Training Accuracy of Class 0: 1.0000
Training Accuracy of Class 1: 1.0000
Training Accuracy of Class 2: 0.5000
Training Accuracy of Class 3: 0.7500
Training Accuracy of Class 4: 1.0000
Training Accuracy of Class 5: nan
Total Overall Training Accuracy: 0.8872115015983582
* Prec @1: 0.8872
Macro F1 Score on Training Set: 0.720634937286377
Epoch: [20][0/123]	Iter Time 0.003 (0.003)	Data Time 0.003 (0.003)	
Validation Accuracy of Class 0: 0.5186
Validation Accuracy of Class 1: 0.8421
Validation Accuracy of Class 2: 0.2789
Validation Accuracy of Class 3: 0.7568
Validation Accuracy of Class 4: 0.5669
Validation Accuracy of Class 5: 0.7273
Total Overall Validation Accuracy: 0.6716875433921814
* Prec @1: 0.6717
Macro F1 Score on Validation Set: 0.6175835132598877
Epoch 21
Epoch: [21][0/572]	Iter Time 0.007 (0.007)	Data Time 0.003 (0.003)	Loss 0.0810 (0.0810)	Prec @1 0.9688 (0.9688)	
Training Accuracy of Class 0: 1.0000
Training Accuracy of Class 1: 1.0000
Training Accuracy of Class 2: nan
Training Accuracy of Class 3: 1.0000
Training Accuracy of Class 4: 0.6667
Training Accuracy of Class 5: nan
Total Overall Training Accuracy: 0.9028006196022034
* Prec @1: 0.9028
Macro F1 Score on Training Set: 0.9222221970558167
Epoch: [21][0/123]	Iter Time 0.003 (0.003)	Data Time 0.003 (0.003)	
Validation Accuracy of Class 0: 0.3424
Validation Accuracy of Class 1: 0.8376
Validation Accuracy of Class 2: 0.3026
Validation Accuracy of Class 3: 0.6199
Validation Accuracy of Class 4: 0.0456
Validation Accuracy of Class 5: 0.1619
Total Overall Validation Accuracy: 0.4559612274169922
* Prec @1: 0.4560
Macro F1 Score on Validation Set: 0.3663690388202667
Epoch 22
Epoch: [22][0/572]	Iter Time 0.007 (0.007)	Data Time 0.004 (0.004)	Loss 0.2173 (0.2173)	Prec @1 0.9062 (0.9062)	
Training Accuracy of Class 0: 0.5000
Training Accuracy of Class 1: nan
Training Accuracy of Class 2: 0.0000
Training Accuracy of Class 3: 1.0000
Training Accuracy of Class 4: 1.0000
Training Accuracy of Class 5: 1.0000
Total Overall Training Accuracy: 0.9155453443527222
* Prec @1: 0.9155
Macro F1 Score on Training Set: 0.5777778029441833
Epoch: [22][0/123]	Iter Time 0.003 (0.003)	Data Time 0.003 (0.003)	
Validation Accuracy of Class 0: 0.6441
Validation Accuracy of Class 1: 0.8376
Validation Accuracy of Class 2: 0.4368
Validation Accuracy of Class 3: 0.7466
Validation Accuracy of Class 4: 0.5441
Validation Accuracy of Class 5: 0.4235
Total Overall Validation Accuracy: 0.6530508399009705
* Prec @1: 0.6531
Macro F1 Score on Validation Set: 0.6121442914009094
Epoch 23
Epoch: [23][0/572]	Iter Time 0.007 (0.007)	Data Time 0.003 (0.003)	Loss 0.1361 (0.1361)	Prec @1 0.9062 (0.9062)	
Training Accuracy of Class 0: 1.0000
Training Accuracy of Class 1: 1.0000
Training Accuracy of Class 2: nan
Training Accuracy of Class 3: 1.0000
Training Accuracy of Class 4: 1.0000
Training Accuracy of Class 5: nan
Total Overall Training Accuracy: 0.9306969046592712
* Prec @1: 0.9307
Macro F1 Score on Training Set: 1.0
Epoch: [23][0/123]	Iter Time 0.003 (0.003)	Data Time 0.003 (0.003)	
Validation Accuracy of Class 0: 0.5322
Validation Accuracy of Class 1: 0.8436
Validation Accuracy of Class 2: 0.3500
Validation Accuracy of Class 3: 0.7078
Validation Accuracy of Class 4: 0.4407
Validation Accuracy of Class 5: 0.5854
Total Overall Validation Accuracy: 0.6239469051361084
* Prec @1: 0.6239
Macro F1 Score on Validation Set: 0.5824427604675293
Epoch 24
Epoch: [24][0/572]	Iter Time 0.007 (0.007)	Data Time 0.004 (0.004)	Loss 0.0967 (0.0967)	Prec @1 0.9375 (0.9375)	
Training Accuracy of Class 0: 1.0000
Training Accuracy of Class 1: 1.0000
Training Accuracy of Class 2: 1.0000
Training Accuracy of Class 3: 1.0000
Training Accuracy of Class 4: 1.0000
Training Accuracy of Class 5: 0.5000
Total Overall Training Accuracy: 0.9416912794113159
* Prec @1: 0.9417
Macro F1 Score on Training Set: 0.888888955116272
Epoch: [24][0/123]	Iter Time 0.003 (0.003)	Data Time 0.003 (0.003)	
Validation Accuracy of Class 0: 0.5898
Validation Accuracy of Class 1: 0.7955
Validation Accuracy of Class 2: 0.2684
Validation Accuracy of Class 3: 0.7091
Validation Accuracy of Class 4: 0.5198
Validation Accuracy of Class 5: 0.6208
Total Overall Validation Accuracy: 0.6300740838050842
* Prec @1: 0.6301
Macro F1 Score on Validation Set: 0.5858954191207886
Epoch 25
Epoch: [25][0/572]	Iter Time 0.007 (0.007)	Data Time 0.003 (0.003)	Loss 0.1623 (0.1623)	Prec @1 0.9375 (0.9375)	
Training Accuracy of Class 0: nan
Training Accuracy of Class 1: 1.0000
Training Accuracy of Class 2: nan
Training Accuracy of Class 3: 1.0000
Training Accuracy of Class 4: 0.6667
Training Accuracy of Class 5: 1.0000
Total Overall Training Accuracy: 0.9479816555976868
* Prec @1: 0.9480
Macro F1 Score on Training Set: 0.7599999904632568
Epoch: [25][0/123]	Iter Time 0.003 (0.003)	Data Time 0.003 (0.003)	
Validation Accuracy of Class 0: 0.5797
Validation Accuracy of Class 1: 0.8211
Validation Accuracy of Class 2: 0.2895
Validation Accuracy of Class 3: 0.7752
Validation Accuracy of Class 4: 0.5684
Validation Accuracy of Class 5: 0.6519
Total Overall Validation Accuracy: 0.6721981167793274
* Prec @1: 0.6722
Macro F1 Score on Validation Set: 0.6206617951393127
Epoch 26
Epoch: [26][0/572]	Iter Time 0.007 (0.007)	Data Time 0.004 (0.004)	Loss 0.0353 (0.0353)	Prec @1 0.9688 (0.9688)	
Training Accuracy of Class 0: 1.0000
Training Accuracy of Class 1: 1.0000
Training Accuracy of Class 2: 1.0000
Training Accuracy of Class 3: 1.0000
Training Accuracy of Class 4: 1.0000
Training Accuracy of Class 5: nan
Total Overall Training Accuracy: 0.9540531635284424
* Prec @1: 0.9541
Macro F1 Score on Training Set: 1.0
Epoch: [26][0/123]	Iter Time 0.003 (0.003)	Data Time 0.003 (0.003)	
Validation Accuracy of Class 0: 0.5695
Validation Accuracy of Class 1: 0.8541
Validation Accuracy of Class 2: 0.3053
Validation Accuracy of Class 3: 0.7847
Validation Accuracy of Class 4: 0.5441
Validation Accuracy of Class 5: 0.5588
Total Overall Validation Accuracy: 0.6673474907875061
* Prec @1: 0.6673
Macro F1 Score on Validation Set: 0.6145281195640564
Epoch 27
Epoch: [27][0/572]	Iter Time 0.007 (0.007)	Data Time 0.004 (0.004)	Loss 0.0696 (0.0696)	Prec @1 0.9688 (0.9688)	
Training Accuracy of Class 0: 1.0000
Training Accuracy of Class 1: 1.0000
Training Accuracy of Class 2: 1.0000
Training Accuracy of Class 3: 0.6667
Training Accuracy of Class 4: 0.5000
Training Accuracy of Class 5: 1.0000
Total Overall Training Accuracy: 0.9561864137649536
* Prec @1: 0.9562
Macro F1 Score on Training Set: 0.8333333730697632
Epoch: [27][0/123]	Iter Time 0.003 (0.003)	Data Time 0.003 (0.003)	
Validation Accuracy of Class 0: 0.2983
Validation Accuracy of Class 1: 0.7308
Validation Accuracy of Class 2: 0.1974
Validation Accuracy of Class 3: 0.7541
Validation Accuracy of Class 4: 0.0669
Validation Accuracy of Class 5: 0.3082
Total Overall Validation Accuracy: 0.4950217306613922
* Prec @1: 0.4950
Macro F1 Score on Validation Set: 0.3890686333179474
Epoch 28
Epoch: [28][0/572]	Iter Time 0.007 (0.007)	Data Time 0.004 (0.004)	Loss 0.0891 (0.0891)	Prec @1 1.0000 (1.0000)	
Training Accuracy of Class 0: nan
Training Accuracy of Class 1: nan
Training Accuracy of Class 2: 1.0000
Training Accuracy of Class 3: 1.0000
Training Accuracy of Class 4: 1.0000
Training Accuracy of Class 5: 0.6667
Total Overall Training Accuracy: 0.9586478471755981
* Prec @1: 0.9586
Macro F1 Score on Training Set: 0.8999999761581421
Epoch: [28][0/123]	Iter Time 0.003 (0.003)	Data Time 0.003 (0.003)	
Validation Accuracy of Class 0: 0.5763
Validation Accuracy of Class 1: 0.8481
Validation Accuracy of Class 2: 0.3079
Validation Accuracy of Class 3: 0.7807
Validation Accuracy of Class 4: 0.5471
Validation Accuracy of Class 5: 0.5854
Total Overall Validation Accuracy: 0.6691345572471619
* Prec @1: 0.6691
Macro F1 Score on Validation Set: 0.6181738376617432
Epoch 29
Epoch: [29][0/572]	Iter Time 0.007 (0.007)	Data Time 0.004 (0.004)	Loss 0.1456 (0.1456)	Prec @1 0.9375 (0.9375)	
Training Accuracy of Class 0: nan
Training Accuracy of Class 1: 1.0000
Training Accuracy of Class 2: nan
Training Accuracy of Class 3: 0.8571
Training Accuracy of Class 4: 1.0000
Training Accuracy of Class 5: nan
Total Overall Training Accuracy: 0.9602888226509094
* Prec @1: 0.9603
Macro F1 Score on Training Set: 0.7307692170143127
Epoch: [29][0/123]	Iter Time 0.003 (0.003)	Data Time 0.003 (0.003)	
Validation Accuracy of Class 0: 0.5593
Validation Accuracy of Class 1: 0.8526
Validation Accuracy of Class 2: 0.2868
Validation Accuracy of Class 3: 0.6989
Validation Accuracy of Class 4: 0.4027
Validation Accuracy of Class 5: 0.5477
Total Overall Validation Accuracy: 0.607352614402771
* Prec @1: 0.6074
Macro F1 Score on Validation Set: 0.5630531311035156
Epoch 30
Epoch: [30][0/572]	Iter Time 0.007 (0.007)	Data Time 0.004 (0.004)	Loss 0.0479 (0.0479)	Prec @1 1.0000 (1.0000)	
Training Accuracy of Class 0: nan
Training Accuracy of Class 1: 0.7500
Training Accuracy of Class 2: nan
Training Accuracy of Class 3: 1.0000
Training Accuracy of Class 4: 1.0000
Training Accuracy of Class 5: 1.0000
Total Overall Training Accuracy: 0.8804835677146912
* Prec @1: 0.8805
Macro F1 Score on Training Set: 0.8809523582458496
Epoch: [30][0/123]	Iter Time 0.003 (0.003)	Data Time 0.003 (0.003)	
Validation Accuracy of Class 0: 0.3085
Validation Accuracy of Class 1: 0.8376
Validation Accuracy of Class 2: 0.0789
Validation Accuracy of Class 3: 0.6689
Validation Accuracy of Class 4: 0.3495
Validation Accuracy of Class 5: 0.6319
Total Overall Validation Accuracy: 0.5552719235420227
* Prec @1: 0.5553
Macro F1 Score on Validation Set: 0.469497412443161
Epoch 31
Epoch: [31][0/572]	Iter Time 0.007 (0.007)	Data Time 0.004 (0.004)	Loss 0.5574 (0.5574)	Prec @1 0.7500 (0.7500)	
Training Accuracy of Class 0: 1.0000
Training Accuracy of Class 1: 1.0000
Training Accuracy of Class 2: nan
Training Accuracy of Class 3: 1.0000
Training Accuracy of Class 4: 1.0000
Training Accuracy of Class 5: 0.0000
Total Overall Training Accuracy: 0.8966743350028992
* Prec @1: 0.8967
Macro F1 Score on Training Set: 0.7777777910232544
Epoch: [31][0/123]	Iter Time 0.003 (0.003)	Data Time 0.003 (0.003)	
Validation Accuracy of Class 0: 0.3525
Validation Accuracy of Class 1: 0.8496
Validation Accuracy of Class 2: 0.4132
Validation Accuracy of Class 3: 0.5559
Validation Accuracy of Class 4: 0.1763
Validation Accuracy of Class 5: 0.4479
Total Overall Validation Accuracy: 0.5003829598426819
* Prec @1: 0.5004
Macro F1 Score on Validation Set: 0.46201297640800476
Epoch 32
Epoch: [32][0/572]	Iter Time 0.006 (0.006)	Data Time 0.004 (0.004)	Loss 0.1461 (0.1461)	Prec @1 0.9688 (0.9688)	
Training Accuracy of Class 0: nan
Training Accuracy of Class 1: nan
Training Accuracy of Class 2: 0.0000
Training Accuracy of Class 3: 1.0000
Training Accuracy of Class 4: 1.0000
Training Accuracy of Class 5: 1.0000
Total Overall Training Accuracy: 0.9064106941223145
* Prec @1: 0.9064
Macro F1 Score on Training Set: 0.6000000238418579
Epoch: [32][0/123]	Iter Time 0.003 (0.003)	Data Time 0.003 (0.003)	
Validation Accuracy of Class 0: 0.6102
Validation Accuracy of Class 1: 0.8647
Validation Accuracy of Class 2: 0.2447
Validation Accuracy of Class 3: 0.7977
Validation Accuracy of Class 4: 0.6125
Validation Accuracy of Class 5: 0.5166
Total Overall Validation Accuracy: 0.6778146624565125
* Prec @1: 0.6778
Macro F1 Score on Validation Set: 0.6109015345573425
Epoch 33
Epoch: [33][0/572]	Iter Time 0.007 (0.007)	Data Time 0.004 (0.004)	Loss 0.1864 (0.1864)	Prec @1 0.9375 (0.9375)	
Training Accuracy of Class 0: 0.0000
Training Accuracy of Class 1: 1.0000
Training Accuracy of Class 2: 1.0000
Training Accuracy of Class 3: 1.0000
Training Accuracy of Class 4: 1.0000
Training Accuracy of Class 5: 1.0000
Total Overall Training Accuracy: 0.9140685200691223
* Prec @1: 0.9141
Macro F1 Score on Training Set: 0.7777777910232544
Epoch: [33][0/123]	Iter Time 0.003 (0.003)	Data Time 0.003 (0.003)	
Validation Accuracy of Class 0: 0.3559
Validation Accuracy of Class 1: 0.7459
Validation Accuracy of Class 2: 0.3605
Validation Accuracy of Class 3: 0.7800
Validation Accuracy of Class 4: 0.6505
Validation Accuracy of Class 5: 0.7007
Total Overall Validation Accuracy: 0.6706663370132446
* Prec @1: 0.6707
Macro F1 Score on Validation Set: 0.6082628965377808
Epoch 34
Epoch: [34][0/572]	Iter Time 0.007 (0.007)	Data Time 0.004 (0.004)	Loss 0.1569 (0.1569)	Prec @1 0.9375 (0.9375)	
Training Accuracy of Class 0: nan
Training Accuracy of Class 1: nan
Training Accuracy of Class 2: 1.0000
Training Accuracy of Class 3: 1.0000
Training Accuracy of Class 4: 1.0000
Training Accuracy of Class 5: 1.0000
Total Overall Training Accuracy: 0.9232578873634338
* Prec @1: 0.9233
Macro F1 Score on Training Set: 1.0
Epoch: [34][0/123]	Iter Time 0.003 (0.003)	Data Time 0.003 (0.003)	
Validation Accuracy of Class 0: 0.4339
Validation Accuracy of Class 1: 0.9053
Validation Accuracy of Class 2: 0.0974
Validation Accuracy of Class 3: 0.7922
Validation Accuracy of Class 4: 0.6109
Validation Accuracy of Class 5: 0.6341
Total Overall Validation Accuracy: 0.6683686971664429
* Prec @1: 0.6684
Macro F1 Score on Validation Set: 0.5753692388534546
Epoch 35
Epoch: [35][0/572]	Iter Time 0.007 (0.007)	Data Time 0.004 (0.004)	Loss 0.1237 (0.1237)	Prec @1 0.9688 (0.9688)	
Training Accuracy of Class 0: nan
Training Accuracy of Class 1: 1.0000
Training Accuracy of Class 2: 1.0000
Training Accuracy of Class 3: 1.0000
Training Accuracy of Class 4: 1.0000
Training Accuracy of Class 5: 1.0000
Total Overall Training Accuracy: 0.9313532710075378
* Prec @1: 0.9314
Macro F1 Score on Training Set: 1.0
Epoch: [35][0/123]	Iter Time 0.003 (0.003)	Data Time 0.003 (0.003)	
Validation Accuracy of Class 0: 0.4068
Validation Accuracy of Class 1: 0.8662
Validation Accuracy of Class 2: 0.4132
Validation Accuracy of Class 3: 0.6941
Validation Accuracy of Class 4: 0.6626
Validation Accuracy of Class 5: 0.5122
Total Overall Validation Accuracy: 0.6482001543045044
* Prec @1: 0.6482
Macro F1 Score on Validation Set: 0.5982650518417358
Epoch 36
Epoch: [36][0/572]	Iter Time 0.007 (0.007)	Data Time 0.003 (0.003)	Loss 0.1272 (0.1272)	Prec @1 0.9688 (0.9688)	
Training Accuracy of Class 0: 1.0000
Training Accuracy of Class 1: 1.0000
Training Accuracy of Class 2: nan
Training Accuracy of Class 3: 1.0000
Training Accuracy of Class 4: nan
Training Accuracy of Class 5: nan
Total Overall Training Accuracy: 0.9422382712364197
* Prec @1: 0.9422
Macro F1 Score on Training Set: 1.0
Epoch: [36][0/123]	Iter Time 0.003 (0.003)	Data Time 0.003 (0.003)	
Validation Accuracy of Class 0: 0.5085
Validation Accuracy of Class 1: 0.8571
Validation Accuracy of Class 2: 0.3605
Validation Accuracy of Class 3: 0.8052
Validation Accuracy of Class 4: 0.7280
Validation Accuracy of Class 5: 0.5831
Total Overall Validation Accuracy: 0.70998215675354
* Prec @1: 0.7100
Macro F1 Score on Validation Set: 0.6526328921318054
Epoch 37
Epoch: [37][0/572]	Iter Time 0.007 (0.007)	Data Time 0.004 (0.004)	Loss 0.3915 (0.3915)	Prec @1 0.9062 (0.9062)	
Training Accuracy of Class 0: 1.0000
Training Accuracy of Class 1: 1.0000
Training Accuracy of Class 2: 0.5000
Training Accuracy of Class 3: 1.0000
Training Accuracy of Class 4: nan
Training Accuracy of Class 5: 1.0000
Total Overall Training Accuracy: 0.9416366219520569
* Prec @1: 0.9416
Macro F1 Score on Training Set: 0.9047619104385376
Epoch: [37][0/123]	Iter Time 0.003 (0.003)	Data Time 0.003 (0.003)	
Validation Accuracy of Class 0: 0.4983
Validation Accuracy of Class 1: 0.7820
Validation Accuracy of Class 2: 0.4316
Validation Accuracy of Class 3: 0.6880
Validation Accuracy of Class 4: 0.3085
Validation Accuracy of Class 5: 0.4789
Total Overall Validation Accuracy: 0.5769721865653992
* Prec @1: 0.5770
Macro F1 Score on Validation Set: 0.5366537570953369
Epoch 38
Epoch: [38][0/572]	Iter Time 0.007 (0.007)	Data Time 0.003 (0.003)	Loss 0.1745 (0.1745)	Prec @1 0.8750 (0.8750)	
Training Accuracy of Class 0: 0.3333
Training Accuracy of Class 1: 0.5000
Training Accuracy of Class 2: 0.5000
Training Accuracy of Class 3: 1.0000
Training Accuracy of Class 4: nan
Training Accuracy of Class 5: 1.0000
Total Overall Training Accuracy: 0.9524669051170349
* Prec @1: 0.9525
Macro F1 Score on Training Set: 0.5555555820465088
Epoch: [38][0/123]	Iter Time 0.003 (0.003)	Data Time 0.003 (0.003)	
Validation Accuracy of Class 0: 0.4407
Validation Accuracy of Class 1: 0.7173
Validation Accuracy of Class 2: 0.4342
Validation Accuracy of Class 3: 0.4380
Validation Accuracy of Class 4: 0.2097
Validation Accuracy of Class 5: 0.5144
Total Overall Validation Accuracy: 0.4557059109210968
* Prec @1: 0.4557
Macro F1 Score on Validation Set: 0.43991756439208984
Epoch 39
Epoch: [39][0/572]	Iter Time 0.007 (0.007)	Data Time 0.004 (0.004)	Loss 0.3794 (0.3794)	Prec @1 0.8750 (0.8750)	
Training Accuracy of Class 0: 1.0000
Training Accuracy of Class 1: nan
Training Accuracy of Class 2: 1.0000
Training Accuracy of Class 3: 1.0000
Training Accuracy of Class 4: 0.5000
Training Accuracy of Class 5: 0.0000
Total Overall Training Accuracy: 0.9550924897193909
* Prec @1: 0.9551
Macro F1 Score on Training Set: 0.6484848856925964
Epoch: [39][0/123]	Iter Time 0.003 (0.003)	Data Time 0.003 (0.003)	
Validation Accuracy of Class 0: 0.4949
Validation Accuracy of Class 1: 0.8241
Validation Accuracy of Class 2: 0.2474
Validation Accuracy of Class 3: 0.6574
Validation Accuracy of Class 4: 0.3040
Validation Accuracy of Class 5: 0.4479
Total Overall Validation Accuracy: 0.5501659512519836
* Prec @1: 0.5502
Macro F1 Score on Validation Set: 0.49193787574768066
Epoch 40
Epoch: [40][0/572]	Iter Time 0.007 (0.007)	Data Time 0.003 (0.003)	Loss 0.0647 (0.0647)	Prec @1 1.0000 (1.0000)	
Training Accuracy of Class 0: nan
Training Accuracy of Class 1: 1.0000
Training Accuracy of Class 2: 1.0000
Training Accuracy of Class 3: 1.0000
Training Accuracy of Class 4: 1.0000
Training Accuracy of Class 5: nan
Total Overall Training Accuracy: 0.960890531539917
* Prec @1: 0.9609
Macro F1 Score on Training Set: 1.0
Epoch: [40][0/123]	Iter Time 0.003 (0.003)	Data Time 0.003 (0.003)	
Validation Accuracy of Class 0: 0.5525
Validation Accuracy of Class 1: 0.7353
Validation Accuracy of Class 2: 0.2263
Validation Accuracy of Class 3: 0.5599
Validation Accuracy of Class 4: 0.3693
Validation Accuracy of Class 5: 0.6475
Total Overall Validation Accuracy: 0.5348480939865112
* Prec @1: 0.5348
Macro F1 Score on Validation Set: 0.4990357458591461
Epoch 41
Epoch: [41][0/572]	Iter Time 0.007 (0.007)	Data Time 0.003 (0.003)	Loss 0.0099 (0.0099)	Prec @1 1.0000 (1.0000)	
Training Accuracy of Class 0: 1.0000
Training Accuracy of Class 1: 1.0000
Training Accuracy of Class 2: nan
Training Accuracy of Class 3: 0.8571
Training Accuracy of Class 4: nan
Training Accuracy of Class 5: nan
Total Overall Training Accuracy: 0.9642818570137024
* Prec @1: 0.9643
Macro F1 Score on Training Set: 0.8632478713989258
Epoch: [41][0/123]	Iter Time 0.003 (0.003)	Data Time 0.003 (0.003)	
Validation Accuracy of Class 0: 0.5356
Validation Accuracy of Class 1: 0.8271
Validation Accuracy of Class 2: 0.2132
Validation Accuracy of Class 3: 0.6873
Validation Accuracy of Class 4: 0.4149
Validation Accuracy of Class 5: 0.6142
Total Overall Validation Accuracy: 0.5994383692741394
* Prec @1: 0.5994
Macro F1 Score on Validation Set: 0.5482085943222046
Epoch 42
Epoch: [42][0/572]	Iter Time 0.007 (0.007)	Data Time 0.004 (0.004)	Loss 0.0811 (0.0811)	Prec @1 0.9688 (0.9688)	
Training Accuracy of Class 0: nan
Training Accuracy of Class 1: 1.0000
Training Accuracy of Class 2: nan
Training Accuracy of Class 3: 1.0000
Training Accuracy of Class 4: 1.0000
Training Accuracy of Class 5: 1.0000
Total Overall Training Accuracy: 0.9673449397087097
* Prec @1: 0.9673
Macro F1 Score on Training Set: 1.0
Epoch: [42][0/123]	Iter Time 0.003 (0.003)	Data Time 0.003 (0.003)	
Validation Accuracy of Class 0: 0.6034
Validation Accuracy of Class 1: 0.8286
Validation Accuracy of Class 2: 0.1763
Validation Accuracy of Class 3: 0.5960
Validation Accuracy of Class 4: 0.3055
Validation Accuracy of Class 5: 0.5322
Total Overall Validation Accuracy: 0.5391882061958313
* Prec @1: 0.5392
Macro F1 Score on Validation Set: 0.4938308894634247
Epoch 43
Epoch: [43][0/572]	Iter Time 0.007 (0.007)	Data Time 0.004 (0.004)	Loss 0.0758 (0.0758)	Prec @1 0.9375 (0.9375)	
Training Accuracy of Class 0: nan
Training Accuracy of Class 1: 1.0000
Training Accuracy of Class 2: nan
Training Accuracy of Class 3: 1.0000
Training Accuracy of Class 4: 1.0000
Training Accuracy of Class 5: 1.0000
Total Overall Training Accuracy: 0.9748386740684509
* Prec @1: 0.9748
Macro F1 Score on Training Set: 1.0
Epoch: [43][0/123]	Iter Time 0.003 (0.003)	Data Time 0.003 (0.003)	
Validation Accuracy of Class 0: 0.3593
Validation Accuracy of Class 1: 0.8376
Validation Accuracy of Class 2: 0.2132
Validation Accuracy of Class 3: 0.5981
Validation Accuracy of Class 4: 0.4757
Validation Accuracy of Class 5: 0.6829
Total Overall Validation Accuracy: 0.5726321339607239
* Prec @1: 0.5726
Macro F1 Score on Validation Set: 0.5257935523986816
Epoch 44
Epoch: [44][0/572]	Iter Time 0.007 (0.007)	Data Time 0.004 (0.004)	Loss 0.1370 (0.1370)	Prec @1 0.9375 (0.9375)	
Training Accuracy of Class 0: nan
Training Accuracy of Class 1: 0.7500
Training Accuracy of Class 2: nan
Training Accuracy of Class 3: 1.0000
Training Accuracy of Class 4: 1.0000
Training Accuracy of Class 5: nan
Total Overall Training Accuracy: 0.9753309488296509
* Prec @1: 0.9753
Macro F1 Score on Training Set: 0.7142857313156128
Epoch: [44][0/123]	Iter Time 0.003 (0.003)	Data Time 0.003 (0.003)	
Validation Accuracy of Class 0: 0.6136
Validation Accuracy of Class 1: 0.8692
Validation Accuracy of Class 2: 0.2368
Validation Accuracy of Class 3: 0.7575
Validation Accuracy of Class 4: 0.5669
Validation Accuracy of Class 5: 0.5078
Total Overall Validation Accuracy: 0.6543273329734802
* Prec @1: 0.6543
Macro F1 Score on Validation Set: 0.5943459272384644
Epoch 45
Epoch: [45][0/572]	Iter Time 0.007 (0.007)	Data Time 0.004 (0.004)	Loss 0.0059 (0.0059)	Prec @1 1.0000 (1.0000)	
Training Accuracy of Class 0: 1.0000
Training Accuracy of Class 1: 1.0000
Training Accuracy of Class 2: 1.0000
Training Accuracy of Class 3: 1.0000
Training Accuracy of Class 4: 1.0000
Training Accuracy of Class 5: nan
Total Overall Training Accuracy: 0.9756044745445251
* Prec @1: 0.9756
Macro F1 Score on Training Set: 1.0
Epoch: [45][0/123]	Iter Time 0.003 (0.003)	Data Time 0.005 (0.005)	
Validation Accuracy of Class 0: 0.6475
Validation Accuracy of Class 1: 0.8226
Validation Accuracy of Class 2: 0.3079
Validation Accuracy of Class 3: 0.7514
Validation Accuracy of Class 4: 0.6353
Validation Accuracy of Class 5: 0.4967
Total Overall Validation Accuracy: 0.6637732982635498
* Prec @1: 0.6638
Macro F1 Score on Validation Set: 0.6143296360969543
Epoch 46
Epoch: [46][0/572]	Iter Time 0.007 (0.007)	Data Time 0.004 (0.004)	Loss 0.0901 (0.0901)	Prec @1 0.9688 (0.9688)	
Training Accuracy of Class 0: 0.0000
Training Accuracy of Class 1: 1.0000
Training Accuracy of Class 2: 1.0000
Training Accuracy of Class 3: 1.0000
Training Accuracy of Class 4: 0.6667
Training Accuracy of Class 5: 1.0000
Total Overall Training Accuracy: 0.977901816368103
* Prec @1: 0.9779
Macro F1 Score on Training Set: 0.7444444894790649
Epoch: [46][0/123]	Iter Time 0.003 (0.003)	Data Time 0.003 (0.003)	
Validation Accuracy of Class 0: 0.6576
Validation Accuracy of Class 1: 0.8271
Validation Accuracy of Class 2: 0.2079
Validation Accuracy of Class 3: 0.8154
Validation Accuracy of Class 4: 0.6292
Validation Accuracy of Class 5: 0.6896
Total Overall Validation Accuracy: 0.7007914781570435
* Prec @1: 0.7008
Macro F1 Score on Validation Set: 0.6392523050308228
Epoch 47
Epoch: [47][0/572]	Iter Time 0.007 (0.007)	Data Time 0.004 (0.004)	Loss 0.0857 (0.0857)	Prec @1 0.9688 (0.9688)	
Training Accuracy of Class 0: nan
Training Accuracy of Class 1: 1.0000
Training Accuracy of Class 2: 1.0000
Training Accuracy of Class 3: nan
Training Accuracy of Class 4: 1.0000
Training Accuracy of Class 5: 1.0000
Total Overall Training Accuracy: 0.9831528663635254
* Prec @1: 0.9832
Macro F1 Score on Training Set: 1.0
Epoch: [47][0/123]	Iter Time 0.003 (0.003)	Data Time 0.003 (0.003)	
Validation Accuracy of Class 0: 0.5661
Validation Accuracy of Class 1: 0.8165
Validation Accuracy of Class 2: 0.2632
Validation Accuracy of Class 3: 0.7990
Validation Accuracy of Class 4: 0.7325
Validation Accuracy of Class 5: 0.6829
Total Overall Validation Accuracy: 0.7079398036003113
* Prec @1: 0.7079
Macro F1 Score on Validation Set: 0.6491684913635254
Epoch 48
Epoch: [48][0/572]	Iter Time 0.007 (0.007)	Data Time 0.004 (0.004)	Loss 0.1589 (0.1589)	Prec @1 0.9375 (0.9375)	
Training Accuracy of Class 0: 1.0000
Training Accuracy of Class 1: 0.5000
Training Accuracy of Class 2: nan
Training Accuracy of Class 3: 1.0000
Training Accuracy of Class 4: 1.0000
Training Accuracy of Class 5: nan
Total Overall Training Accuracy: 0.9837545156478882
* Prec @1: 0.9838
Macro F1 Score on Training Set: 0.7333333492279053
Epoch: [48][0/123]	Iter Time 0.003 (0.003)	Data Time 0.003 (0.003)	
Validation Accuracy of Class 0: 0.4644
Validation Accuracy of Class 1: 0.8617
Validation Accuracy of Class 2: 0.2079
Validation Accuracy of Class 3: 0.7875
Validation Accuracy of Class 4: 0.4377
Validation Accuracy of Class 5: 0.4656
Total Overall Validation Accuracy: 0.6236916184425354
* Prec @1: 0.6237
Macro F1 Score on Validation Set: 0.5457872748374939
Epoch 49
Epoch: [49][0/572]	Iter Time 0.007 (0.007)	Data Time 0.004 (0.004)	Loss 0.0030 (0.0030)	Prec @1 1.0000 (1.0000)	
Training Accuracy of Class 0: 1.0000
Training Accuracy of Class 1: 1.0000
Training Accuracy of Class 2: 1.0000
Training Accuracy of Class 3: 1.0000
Training Accuracy of Class 4: 1.0000
Training Accuracy of Class 5: nan
Total Overall Training Accuracy: 0.9831528663635254
* Prec @1: 0.9832
Macro F1 Score on Training Set: 1.0
Epoch: [49][0/123]	Iter Time 0.003 (0.003)	Data Time 0.003 (0.003)	
Validation Accuracy of Class 0: 0.4373
Validation Accuracy of Class 1: 0.8226
Validation Accuracy of Class 2: 0.3105
Validation Accuracy of Class 3: 0.5177
Validation Accuracy of Class 4: 0.4149
Validation Accuracy of Class 5: 0.5654
Total Overall Validation Accuracy: 0.5315292477607727
* Prec @1: 0.5315
Macro F1 Score on Validation Set: 0.5042334794998169
Epoch 50
Epoch: [50][0/572]	Iter Time 0.007 (0.007)	Data Time 0.004 (0.004)	Loss 0.0653 (0.0653)	Prec @1 0.9688 (0.9688)	
Training Accuracy of Class 0: 1.0000
Training Accuracy of Class 1: 1.0000
Training Accuracy of Class 2: 1.0000
Training Accuracy of Class 3: 1.0000
Training Accuracy of Class 4: 1.0000
Training Accuracy of Class 5: 1.0000
Total Overall Training Accuracy: 0.9873099327087402
* Prec @1: 0.9873
Macro F1 Score on Training Set: 1.0
Epoch: [50][0/123]	Iter Time 0.003 (0.003)	Data Time 0.003 (0.003)	
Validation Accuracy of Class 0: 0.4508
Validation Accuracy of Class 1: 0.7970
Validation Accuracy of Class 2: 0.3737
Validation Accuracy of Class 3: 0.5238
Validation Accuracy of Class 4: 0.2857
Validation Accuracy of Class 5: 0.4169
Total Overall Validation Accuracy: 0.49783000349998474
* Prec @1: 0.4978
Macro F1 Score on Validation Set: 0.4660293757915497
Epoch 51
Epoch: [51][0/572]	Iter Time 0.007 (0.007)	Data Time 0.004 (0.004)	Loss 0.0077 (0.0077)	Prec @1 1.0000 (1.0000)	
Training Accuracy of Class 0: 1.0000
Training Accuracy of Class 1: 1.0000
Training Accuracy of Class 2: 1.0000
Training Accuracy of Class 3: nan
Training Accuracy of Class 4: 1.0000
Training Accuracy of Class 5: 1.0000
Total Overall Training Accuracy: 0.9874193668365479
* Prec @1: 0.9874
Macro F1 Score on Training Set: 1.0
Epoch: [51][0/123]	Iter Time 0.003 (0.003)	Data Time 0.003 (0.003)	
Validation Accuracy of Class 0: 0.4780
Validation Accuracy of Class 1: 0.8947
Validation Accuracy of Class 2: 0.1421
Validation Accuracy of Class 3: 0.7786
Validation Accuracy of Class 4: 0.6140
Validation Accuracy of Class 5: 0.6585
Total Overall Validation Accuracy: 0.6724534630775452
* Prec @1: 0.6725
Macro F1 Score on Validation Set: 0.5952914953231812
Epoch 52
Epoch: [52][0/572]	Iter Time 0.007 (0.007)	Data Time 0.004 (0.004)	Loss 0.0002 (0.0002)	Prec @1 1.0000 (1.0000)	
Training Accuracy of Class 0: 1.0000
Training Accuracy of Class 1: 1.0000
Training Accuracy of Class 2: 1.0000
Training Accuracy of Class 3: 1.0000
Training Accuracy of Class 4: 1.0000
Training Accuracy of Class 5: 1.0000
Total Overall Training Accuracy: 0.9899354577064514
* Prec @1: 0.9899
Macro F1 Score on Training Set: 1.0
Epoch: [52][0/123]	Iter Time 0.003 (0.003)	Data Time 0.003 (0.003)	
Validation Accuracy of Class 0: 0.4034
Validation Accuracy of Class 1: 0.7985
Validation Accuracy of Class 2: 0.2421
Validation Accuracy of Class 3: 0.5851
Validation Accuracy of Class 4: 0.2295
Validation Accuracy of Class 5: 0.6120
Total Overall Validation Accuracy: 0.5177431702613831
* Prec @1: 0.5177
Macro F1 Score on Validation Set: 0.46832501888275146
Epoch 53
Epoch: [53][0/572]	Iter Time 0.007 (0.007)	Data Time 0.004 (0.004)	Loss 0.0051 (0.0051)	Prec @1 1.0000 (1.0000)	
Training Accuracy of Class 0: nan
Training Accuracy of Class 1: 1.0000
Training Accuracy of Class 2: nan
Training Accuracy of Class 3: 1.0000
Training Accuracy of Class 4: 1.0000
Training Accuracy of Class 5: 1.0000
Total Overall Training Accuracy: 0.9920140504837036
* Prec @1: 0.9920
Macro F1 Score on Training Set: 1.0
Epoch: [53][0/123]	Iter Time 0.003 (0.003)	Data Time 0.003 (0.003)	
Validation Accuracy of Class 0: 0.5763
Validation Accuracy of Class 1: 0.8617
Validation Accuracy of Class 2: 0.2684
Validation Accuracy of Class 3: 0.7650
Validation Accuracy of Class 4: 0.4757
Validation Accuracy of Class 5: 0.4479
Total Overall Validation Accuracy: 0.6339035034179688
* Prec @1: 0.6339
Macro F1 Score on Validation Set: 0.5709242820739746
Epoch 54
Epoch: [54][0/572]	Iter Time 0.007 (0.007)	Data Time 0.004 (0.004)	Loss 0.0023 (0.0023)	Prec @1 1.0000 (1.0000)	
Training Accuracy of Class 0: nan
Training Accuracy of Class 1: nan
Training Accuracy of Class 2: nan
Training Accuracy of Class 3: 1.0000
Training Accuracy of Class 4: 1.0000
Training Accuracy of Class 5: 1.0000
Total Overall Training Accuracy: 0.9899901747703552
* Prec @1: 0.9900
Macro F1 Score on Training Set: 1.0
Epoch: [54][0/123]	Iter Time 0.003 (0.003)	Data Time 0.003 (0.003)	
Validation Accuracy of Class 0: 0.4881
Validation Accuracy of Class 1: 0.8481
Validation Accuracy of Class 2: 0.3079
Validation Accuracy of Class 3: 0.6587
Validation Accuracy of Class 4: 0.4924
Validation Accuracy of Class 5: 0.6186
Total Overall Validation Accuracy: 0.6114373803138733
* Prec @1: 0.6114
Macro F1 Score on Validation Set: 0.5731531381607056
Epoch 55
Epoch: [55][0/572]	Iter Time 0.007 (0.007)	Data Time 0.004 (0.004)	Loss 0.0147 (0.0147)	Prec @1 1.0000 (1.0000)	
Training Accuracy of Class 0: nan
Training Accuracy of Class 1: 1.0000
Training Accuracy of Class 2: nan
Training Accuracy of Class 3: 1.0000
Training Accuracy of Class 4: 1.0000
Training Accuracy of Class 5: 1.0000
Total Overall Training Accuracy: 0.9931626915931702
* Prec @1: 0.9932
Macro F1 Score on Training Set: 1.0
Epoch: [55][0/123]	Iter Time 0.003 (0.003)	Data Time 0.003 (0.003)	
Validation Accuracy of Class 0: 0.4644
Validation Accuracy of Class 1: 0.7669
Validation Accuracy of Class 2: 0.3105
Validation Accuracy of Class 3: 0.6015
Validation Accuracy of Class 4: 0.4149
Validation Accuracy of Class 5: 0.5432
Total Overall Validation Accuracy: 0.5529742240905762
* Prec @1: 0.5530
Macro F1 Score on Validation Set: 0.5144524574279785
Epoch 56
Epoch: [56][0/572]	Iter Time 0.007 (0.007)	Data Time 0.004 (0.004)	Loss 0.0035 (0.0035)	Prec @1 1.0000 (1.0000)	
Training Accuracy of Class 0: 1.0000
Training Accuracy of Class 1: nan
Training Accuracy of Class 2: 0.0000
Training Accuracy of Class 3: 1.0000
Training Accuracy of Class 4: 1.0000
Training Accuracy of Class 5: 1.0000
Total Overall Training Accuracy: 0.9952412247657776
* Prec @1: 0.9952
Macro F1 Score on Training Set: 0.781818151473999
Epoch: [56][0/123]	Iter Time 0.003 (0.003)	Data Time 0.003 (0.003)	
Validation Accuracy of Class 0: 0.6102
Validation Accuracy of Class 1: 0.8526
Validation Accuracy of Class 2: 0.2500
Validation Accuracy of Class 3: 0.8535
Validation Accuracy of Class 4: 0.6748
Validation Accuracy of Class 5: 0.6009
Total Overall Validation Accuracy: 0.7173857688903809
* Prec @1: 0.7174
Macro F1 Score on Validation Set: 0.6513487100601196
Epoch 57
Epoch: [57][0/572]	Iter Time 0.007 (0.007)	Data Time 0.004 (0.004)	Loss 0.0006 (0.0006)	Prec @1 1.0000 (1.0000)	
Training Accuracy of Class 0: 1.0000
Training Accuracy of Class 1: 1.0000
Training Accuracy of Class 2: 1.0000
Training Accuracy of Class 3: 1.0000
Training Accuracy of Class 4: 1.0000
Training Accuracy of Class 5: 1.0000
Total Overall Training Accuracy: 0.9947489500045776
* Prec @1: 0.9947
Macro F1 Score on Training Set: 1.0
Epoch: [57][0/123]	Iter Time 0.003 (0.003)	Data Time 0.003 (0.003)	
Validation Accuracy of Class 0: 0.4576
Validation Accuracy of Class 1: 0.7910
Validation Accuracy of Class 2: 0.2579
Validation Accuracy of Class 3: 0.6628
Validation Accuracy of Class 4: 0.3313
Validation Accuracy of Class 5: 0.5920
Total Overall Validation Accuracy: 0.565994381904602
* Prec @1: 0.5660
Macro F1 Score on Validation Set: 0.5211915969848633
Epoch 58
Epoch: [58][0/572]	Iter Time 0.007 (0.007)	Data Time 0.004 (0.004)	Loss 0.0002 (0.0002)	Prec @1 1.0000 (1.0000)	
Training Accuracy of Class 0: 1.0000
Training Accuracy of Class 1: nan
Training Accuracy of Class 2: 1.0000
Training Accuracy of Class 3: 1.0000
Training Accuracy of Class 4: 1.0000
Training Accuracy of Class 5: nan
Total Overall Training Accuracy: 0.9954053163528442
* Prec @1: 0.9954
Macro F1 Score on Training Set: 1.0
Epoch: [58][0/123]	Iter Time 0.003 (0.003)	Data Time 0.003 (0.003)	
Validation Accuracy of Class 0: 0.6271
Validation Accuracy of Class 1: 0.8496
Validation Accuracy of Class 2: 0.2632
Validation Accuracy of Class 3: 0.8154
Validation Accuracy of Class 4: 0.7082
Validation Accuracy of Class 5: 0.6585
Total Overall Validation Accuracy: 0.7173857688903809
* Prec @1: 0.7174
Macro F1 Score on Validation Set: 0.6593555808067322
Epoch 59
Epoch: [59][0/572]	Iter Time 0.007 (0.007)	Data Time 0.004 (0.004)	Loss 0.0006 (0.0006)	Prec @1 1.0000 (1.0000)	
Training Accuracy of Class 0: nan
Training Accuracy of Class 1: 1.0000
Training Accuracy of Class 2: nan
Training Accuracy of Class 3: 1.0000
Training Accuracy of Class 4: 1.0000
Training Accuracy of Class 5: 1.0000
Total Overall Training Accuracy: 0.9954053163528442
* Prec @1: 0.9954
Macro F1 Score on Training Set: 1.0
Epoch: [59][0/123]	Iter Time 0.003 (0.003)	Data Time 0.003 (0.003)	
Validation Accuracy of Class 0: 0.5186
Validation Accuracy of Class 1: 0.8617
Validation Accuracy of Class 2: 0.1263
Validation Accuracy of Class 3: 0.4837
Validation Accuracy of Class 4: 0.1611
Validation Accuracy of Class 5: 0.5011
Total Overall Validation Accuracy: 0.463620126247406
* Prec @1: 0.4636
Macro F1 Score on Validation Set: 0.4049529433250427
Epoch 60
Epoch: [60][0/572]	Iter Time 0.007 (0.007)	Data Time 0.004 (0.004)	Loss 0.0001 (0.0001)	Prec @1 1.0000 (1.0000)	
Training Accuracy of Class 0: 1.0000
Training Accuracy of Class 1: 1.0000
Training Accuracy of Class 2: nan
Training Accuracy of Class 3: 1.0000
Training Accuracy of Class 4: 1.0000
Training Accuracy of Class 5: nan
Total Overall Training Accuracy: 0.9971010088920593
* Prec @1: 0.9971
Macro F1 Score on Training Set: 1.0
Epoch: [60][0/123]	Iter Time 0.003 (0.003)	Data Time 0.003 (0.003)	
Validation Accuracy of Class 0: 0.6441
Validation Accuracy of Class 1: 0.8511
Validation Accuracy of Class 2: 0.1816
Validation Accuracy of Class 3: 0.7929
Validation Accuracy of Class 4: 0.5167
Validation Accuracy of Class 5: 0.6608
Total Overall Validation Accuracy: 0.6706663370132446
* Prec @1: 0.6707
Macro F1 Score on Validation Set: 0.6063447594642639
Epoch 61
Epoch: [61][0/572]	Iter Time 0.007 (0.007)	Data Time 0.004 (0.004)	Loss 0.0002 (0.0002)	Prec @1 1.0000 (1.0000)	
Training Accuracy of Class 0: nan
Training Accuracy of Class 1: 1.0000
Training Accuracy of Class 2: 1.0000
Training Accuracy of Class 3: 1.0000
Training Accuracy of Class 4: 1.0000
Training Accuracy of Class 5: 1.0000
Total Overall Training Accuracy: 0.9971557259559631
* Prec @1: 0.9972
Macro F1 Score on Training Set: 1.0
Epoch: [61][0/123]	Iter Time 0.003 (0.003)	Data Time 0.003 (0.003)	
Validation Accuracy of Class 0: 0.4847
Validation Accuracy of Class 1: 0.8015
Validation Accuracy of Class 2: 0.1947
Validation Accuracy of Class 3: 0.8093
Validation Accuracy of Class 4: 0.4559
Validation Accuracy of Class 5: 0.6652
Total Overall Validation Accuracy: 0.6479448676109314
* Prec @1: 0.6479
Macro F1 Score on Validation Set: 0.5749986171722412
Epoch 62
Epoch: [62][0/572]	Iter Time 0.007 (0.007)	Data Time 0.004 (0.004)	Loss 0.0008 (0.0008)	Prec @1 1.0000 (1.0000)	
Training Accuracy of Class 0: nan
Training Accuracy of Class 1: 1.0000
Training Accuracy of Class 2: nan
Training Accuracy of Class 3: 1.0000
Training Accuracy of Class 4: 1.0000
Training Accuracy of Class 5: 1.0000
Total Overall Training Accuracy: 0.9977026581764221
* Prec @1: 0.9977
Macro F1 Score on Training Set: 1.0
Epoch: [62][0/123]	Iter Time 0.003 (0.003)	Data Time 0.003 (0.003)	
Validation Accuracy of Class 0: 0.6542
Validation Accuracy of Class 1: 0.8406
Validation Accuracy of Class 2: 0.2421
Validation Accuracy of Class 3: 0.8467
Validation Accuracy of Class 4: 0.6854
Validation Accuracy of Class 5: 0.6519
Total Overall Validation Accuracy: 0.7230023145675659
* Prec @1: 0.7230
Macro F1 Score on Validation Set: 0.6598641872406006
Epoch 63
Epoch: [63][0/572]	Iter Time 0.007 (0.007)	Data Time 0.004 (0.004)	Loss 0.0049 (0.0049)	Prec @1 1.0000 (1.0000)	
Training Accuracy of Class 0: 1.0000
Training Accuracy of Class 1: nan
Training Accuracy of Class 2: nan
Training Accuracy of Class 3: 1.0000
Training Accuracy of Class 4: nan
Training Accuracy of Class 5: 1.0000
Total Overall Training Accuracy: 0.9975932836532593
* Prec @1: 0.9976
Macro F1 Score on Training Set: 1.0
Epoch: [63][0/123]	Iter Time 0.003 (0.003)	Data Time 0.003 (0.003)	
Validation Accuracy of Class 0: 0.5153
Validation Accuracy of Class 1: 0.8256
Validation Accuracy of Class 2: 0.1526
Validation Accuracy of Class 3: 0.7193
Validation Accuracy of Class 4: 0.3450
Validation Accuracy of Class 5: 0.6009
Total Overall Validation Accuracy: 0.5905029773712158
* Prec @1: 0.5905
Macro F1 Score on Validation Set: 0.5189626216888428
Epoch 64
Epoch: [64][0/572]	Iter Time 0.007 (0.007)	Data Time 0.004 (0.004)	Loss 0.0015 (0.0015)	Prec @1 1.0000 (1.0000)	
Training Accuracy of Class 0: nan
Training Accuracy of Class 1: 1.0000
Training Accuracy of Class 2: 1.0000
Training Accuracy of Class 3: 1.0000
Training Accuracy of Class 4: 1.0000
Training Accuracy of Class 5: nan
Total Overall Training Accuracy: 0.998140275478363
* Prec @1: 0.9981
Macro F1 Score on Training Set: 1.0
Epoch: [64][0/123]	Iter Time 0.003 (0.003)	Data Time 0.003 (0.003)	
Validation Accuracy of Class 0: 0.6576
Validation Accuracy of Class 1: 0.8451
Validation Accuracy of Class 2: 0.2553
Validation Accuracy of Class 3: 0.8106
Validation Accuracy of Class 4: 0.6383
Validation Accuracy of Class 5: 0.6541
Total Overall Validation Accuracy: 0.704110324382782
* Prec @1: 0.7041
Macro F1 Score on Validation Set: 0.6468764543533325
Epoch 65
Epoch: [65][0/572]	Iter Time 0.007 (0.007)	Data Time 0.004 (0.004)	Loss 0.0001 (0.0001)	Prec @1 1.0000 (1.0000)	
Training Accuracy of Class 0: nan
Training Accuracy of Class 1: 1.0000
Training Accuracy of Class 2: nan
Training Accuracy of Class 3: 1.0000
Training Accuracy of Class 4: 1.0000
Training Accuracy of Class 5: nan
Total Overall Training Accuracy: 0.9980309009552002
* Prec @1: 0.9980
Macro F1 Score on Training Set: 1.0
Epoch: [65][0/123]	Iter Time 0.003 (0.003)	Data Time 0.003 (0.003)	
Validation Accuracy of Class 0: 0.6407
Validation Accuracy of Class 1: 0.8361
Validation Accuracy of Class 2: 0.2526
Validation Accuracy of Class 3: 0.8229
Validation Accuracy of Class 4: 0.6535
Validation Accuracy of Class 5: 0.6807
Total Overall Validation Accuracy: 0.7112586498260498
* Prec @1: 0.7113
Macro F1 Score on Validation Set: 0.6506831049919128
Epoch 66
Epoch: [66][0/572]	Iter Time 0.007 (0.007)	Data Time 0.004 (0.004)	Loss 0.0003 (0.0003)	Prec @1 1.0000 (1.0000)	
Training Accuracy of Class 0: 1.0000
Training Accuracy of Class 1: 1.0000
Training Accuracy of Class 2: 1.0000
Training Accuracy of Class 3: 1.0000
Training Accuracy of Class 4: 1.0000
Training Accuracy of Class 5: 1.0000
Total Overall Training Accuracy: 0.9983590841293335
* Prec @1: 0.9984
Macro F1 Score on Training Set: 1.0
Epoch: [66][0/123]	Iter Time 0.003 (0.003)	Data Time 0.003 (0.003)	
Validation Accuracy of Class 0: 0.5119
Validation Accuracy of Class 1: 0.8451
Validation Accuracy of Class 2: 0.2053
Validation Accuracy of Class 3: 0.6274
Validation Accuracy of Class 4: 0.3283
Validation Accuracy of Class 5: 0.5410
Total Overall Validation Accuracy: 0.5545060038566589
* Prec @1: 0.5545
Macro F1 Score on Validation Set: 0.4993927776813507
Epoch 67
Epoch: [67][0/572]	Iter Time 0.007 (0.007)	Data Time 0.004 (0.004)	Loss 0.0017 (0.0017)	Prec @1 1.0000 (1.0000)	
Training Accuracy of Class 0: nan
Training Accuracy of Class 1: nan
Training Accuracy of Class 2: 1.0000
Training Accuracy of Class 3: 1.0000
Training Accuracy of Class 4: 1.0000
Training Accuracy of Class 5: 1.0000
Total Overall Training Accuracy: 0.9979214668273926
* Prec @1: 0.9979
Macro F1 Score on Training Set: 1.0
Epoch: [67][0/123]	Iter Time 0.003 (0.003)	Data Time 0.003 (0.003)	
Validation Accuracy of Class 0: 0.6373
Validation Accuracy of Class 1: 0.8602
Validation Accuracy of Class 2: 0.2605
Validation Accuracy of Class 3: 0.8345
Validation Accuracy of Class 4: 0.6641
Validation Accuracy of Class 5: 0.6696
Total Overall Validation Accuracy: 0.7207046747207642
* Prec @1: 0.7207
Macro F1 Score on Validation Set: 0.6607877016067505
Epoch 68
Epoch: [68][0/572]	Iter Time 0.006 (0.006)	Data Time 0.004 (0.004)	Loss 0.0005 (0.0005)	Prec @1 1.0000 (1.0000)	
Training Accuracy of Class 0: nan
Training Accuracy of Class 1: 1.0000
Training Accuracy of Class 2: 1.0000
Training Accuracy of Class 3: 1.0000
Training Accuracy of Class 4: 1.0000
Training Accuracy of Class 5: 1.0000
Total Overall Training Accuracy: 0.9983043670654297
* Prec @1: 0.9983
Macro F1 Score on Training Set: 1.0
Epoch: [68][0/123]	Iter Time 0.003 (0.003)	Data Time 0.003 (0.003)	
Validation Accuracy of Class 0: 0.5254
Validation Accuracy of Class 1: 0.8015
Validation Accuracy of Class 2: 0.2079
Validation Accuracy of Class 3: 0.6989
Validation Accuracy of Class 4: 0.3830
Validation Accuracy of Class 5: 0.5942
Total Overall Validation Accuracy: 0.5905029773712158
* Prec @1: 0.5905
Macro F1 Score on Validation Set: 0.5307416319847107
Epoch 69
Epoch: [69][0/572]	Iter Time 0.006 (0.006)	Data Time 0.003 (0.003)	Loss 0.0002 (0.0002)	Prec @1 1.0000 (1.0000)	
Training Accuracy of Class 0: 1.0000
Training Accuracy of Class 1: 1.0000
Training Accuracy of Class 2: nan
Training Accuracy of Class 3: 1.0000
Training Accuracy of Class 4: 1.0000
Training Accuracy of Class 5: nan
Total Overall Training Accuracy: 0.998140275478363
* Prec @1: 0.9981
Macro F1 Score on Training Set: 1.0
Epoch: [69][0/123]	Iter Time 0.003 (0.003)	Data Time 0.003 (0.003)	
Validation Accuracy of Class 0: 0.5593
Validation Accuracy of Class 1: 0.8586
Validation Accuracy of Class 2: 0.2474
Validation Accuracy of Class 3: 0.7827
Validation Accuracy of Class 4: 0.5061
Validation Accuracy of Class 5: 0.6386
Total Overall Validation Accuracy: 0.6637732982635498
* Prec @1: 0.6638
Macro F1 Score on Validation Set: 0.6042973399162292
Epoch 70
Epoch: [70][0/572]	Iter Time 0.007 (0.007)	Data Time 0.004 (0.004)	Loss 0.0004 (0.0004)	Prec @1 1.0000 (1.0000)	
Training Accuracy of Class 0: nan
Training Accuracy of Class 1: 1.0000
Training Accuracy of Class 2: 0.5000
Training Accuracy of Class 3: 1.0000
Training Accuracy of Class 4: 1.0000
Training Accuracy of Class 5: 0.6667
Total Overall Training Accuracy: 0.9376435875892639
* Prec @1: 0.9376
Macro F1 Score on Training Set: 0.7933333516120911
Epoch: [70][0/123]	Iter Time 0.003 (0.003)	Data Time 0.003 (0.003)	
Validation Accuracy of Class 0: 0.4373
Validation Accuracy of Class 1: 0.7744
Validation Accuracy of Class 2: 0.4842
Validation Accuracy of Class 3: 0.4993
Validation Accuracy of Class 4: 0.3207
Validation Accuracy of Class 5: 0.2594
Total Overall Validation Accuracy: 0.48225685954093933
* Prec @1: 0.4823
Macro F1 Score on Validation Set: 0.4487665295600891
Epoch 71
Epoch: [71][0/572]	Iter Time 0.007 (0.007)	Data Time 0.004 (0.004)	Loss 0.2174 (0.2174)	Prec @1 0.9375 (0.9375)	
Training Accuracy of Class 0: nan
Training Accuracy of Class 1: 1.0000
Training Accuracy of Class 2: nan
Training Accuracy of Class 3: 1.0000
Training Accuracy of Class 4: 1.0000
Training Accuracy of Class 5: 1.0000
Total Overall Training Accuracy: 0.9682201147079468
* Prec @1: 0.9682
Macro F1 Score on Training Set: 1.0
Epoch: [71][0/123]	Iter Time 0.003 (0.003)	Data Time 0.003 (0.003)	
Validation Accuracy of Class 0: 0.5220
Validation Accuracy of Class 1: 0.8481
Validation Accuracy of Class 2: 0.3053
Validation Accuracy of Class 3: 0.6104
Validation Accuracy of Class 4: 0.4179
Validation Accuracy of Class 5: 0.4900
Total Overall Validation Accuracy: 0.5682920813560486
* Prec @1: 0.5683
Macro F1 Score on Validation Set: 0.5297247767448425
Epoch 72
Epoch: [72][0/572]	Iter Time 0.007 (0.007)	Data Time 0.004 (0.004)	Loss 0.0072 (0.0072)	Prec @1 1.0000 (1.0000)	
Training Accuracy of Class 0: nan
Training Accuracy of Class 1: 1.0000
Training Accuracy of Class 2: 0.0000
Training Accuracy of Class 3: 1.0000
Training Accuracy of Class 4: 1.0000
Training Accuracy of Class 5: 1.0000
Total Overall Training Accuracy: 0.9738540649414062
* Prec @1: 0.9739
Macro F1 Score on Training Set: 0.7599999904632568
Epoch: [72][0/123]	Iter Time 0.003 (0.003)	Data Time 0.003 (0.003)	
Validation Accuracy of Class 0: 0.3322
Validation Accuracy of Class 1: 0.8977
Validation Accuracy of Class 2: 0.1237
Validation Accuracy of Class 3: 0.3317
Validation Accuracy of Class 4: 0.1383
Validation Accuracy of Class 5: 0.3814
Total Overall Validation Accuracy: 0.38090378046035767
* Prec @1: 0.3809
Macro F1 Score on Validation Set: 0.3393864035606384
Epoch 73
Epoch: [73][0/572]	Iter Time 0.007 (0.007)	Data Time 0.004 (0.004)	Loss 0.0062 (0.0062)	Prec @1 1.0000 (1.0000)	
Training Accuracy of Class 0: 1.0000
Training Accuracy of Class 1: 1.0000
Training Accuracy of Class 2: 1.0000
Training Accuracy of Class 3: 1.0000
Training Accuracy of Class 4: 1.0000
Training Accuracy of Class 5: 1.0000
Total Overall Training Accuracy: 0.9724866151809692
* Prec @1: 0.9725
Macro F1 Score on Training Set: 1.0
Epoch: [73][0/123]	Iter Time 0.003 (0.003)	Data Time 0.003 (0.003)	
Validation Accuracy of Class 0: 0.2949
Validation Accuracy of Class 1: 0.8481
Validation Accuracy of Class 2: 0.1868
Validation Accuracy of Class 3: 0.7003
Validation Accuracy of Class 4: 0.3176
Validation Accuracy of Class 5: 0.6585
Total Overall Validation Accuracy: 0.5759509801864624
* Prec @1: 0.5760
Macro F1 Score on Validation Set: 0.4917067289352417
Epoch 74
Epoch: [74][0/572]	Iter Time 0.007 (0.007)	Data Time 0.004 (0.004)	Loss 0.0127 (0.0127)	Prec @1 1.0000 (1.0000)	
Training Accuracy of Class 0: nan
Training Accuracy of Class 1: 1.0000
Training Accuracy of Class 2: 1.0000
Training Accuracy of Class 3: 1.0000
Training Accuracy of Class 4: 1.0000
Training Accuracy of Class 5: 1.0000
Total Overall Training Accuracy: 0.975221574306488
* Prec @1: 0.9752
Macro F1 Score on Training Set: 1.0
Epoch: [74][0/123]	Iter Time 0.003 (0.003)	Data Time 0.003 (0.003)	
Validation Accuracy of Class 0: 0.4203
Validation Accuracy of Class 1: 0.8782
Validation Accuracy of Class 2: 0.1632
Validation Accuracy of Class 3: 0.8031
Validation Accuracy of Class 4: 0.4772
Validation Accuracy of Class 5: 0.4656
Total Overall Validation Accuracy: 0.631350576877594
* Prec @1: 0.6314
Macro F1 Score on Validation Set: 0.5450682044029236
Epoch 75
Epoch: [75][0/572]	Iter Time 0.007 (0.007)	Data Time 0.004 (0.004)	Loss 0.2488 (0.2488)	Prec @1 0.9375 (0.9375)	
Training Accuracy of Class 0: 1.0000
Training Accuracy of Class 1: 1.0000
Training Accuracy of Class 2: 1.0000
Training Accuracy of Class 3: 1.0000
Training Accuracy of Class 4: 1.0000
Training Accuracy of Class 5: 1.0000
Total Overall Training Accuracy: 0.9776830077171326
* Prec @1: 0.9777
Macro F1 Score on Training Set: 1.0
Epoch: [75][0/123]	Iter Time 0.003 (0.003)	Data Time 0.003 (0.003)	
Validation Accuracy of Class 0: 0.6271
Validation Accuracy of Class 1: 0.8421
Validation Accuracy of Class 2: 0.2526
Validation Accuracy of Class 3: 0.8283
Validation Accuracy of Class 4: 0.5775
Validation Accuracy of Class 5: 0.5122
Total Overall Validation Accuracy: 0.6811335682868958
* Prec @1: 0.6811
Macro F1 Score on Validation Set: 0.611903190612793
Epoch 76
Epoch: [76][0/572]	Iter Time 0.007 (0.007)	Data Time 0.004 (0.004)	Loss 0.0012 (0.0012)	Prec @1 1.0000 (1.0000)	
Training Accuracy of Class 0: 1.0000
Training Accuracy of Class 1: 1.0000
Training Accuracy of Class 2: 1.0000
Training Accuracy of Class 3: 1.0000
Training Accuracy of Class 4: nan
Training Accuracy of Class 5: 1.0000
Total Overall Training Accuracy: 0.9809648990631104
* Prec @1: 0.9810
Macro F1 Score on Training Set: 1.0
Epoch: [76][0/123]	Iter Time 0.003 (0.003)	Data Time 0.003 (0.003)	
Validation Accuracy of Class 0: 0.4780
Validation Accuracy of Class 1: 0.8421
Validation Accuracy of Class 2: 0.2500
Validation Accuracy of Class 3: 0.7554
Validation Accuracy of Class 4: 0.3632
Validation Accuracy of Class 5: 0.5144
Total Overall Validation Accuracy: 0.6065866947174072
* Prec @1: 0.6066
Macro F1 Score on Validation Set: 0.5368248224258423
Epoch 77
Epoch: [77][0/572]	Iter Time 0.007 (0.007)	Data Time 0.004 (0.004)	Loss 0.0242 (0.0242)	Prec @1 1.0000 (1.0000)	
Training Accuracy of Class 0: 1.0000
Training Accuracy of Class 1: 1.0000
Training Accuracy of Class 2: nan
Training Accuracy of Class 3: 1.0000
Training Accuracy of Class 4: 0.7500
Training Accuracy of Class 5: nan
Total Overall Training Accuracy: 0.9773001074790955
* Prec @1: 0.9773
Macro F1 Score on Training Set: 0.9142857193946838
Epoch: [77][0/123]	Iter Time 0.003 (0.003)	Data Time 0.003 (0.003)	
Validation Accuracy of Class 0: 0.5254
Validation Accuracy of Class 1: 0.8226
Validation Accuracy of Class 2: 0.0921
Validation Accuracy of Class 3: 0.6846
Validation Accuracy of Class 4: 0.5714
Validation Accuracy of Class 5: 0.7894
Total Overall Validation Accuracy: 0.631605863571167
* Prec @1: 0.6316
Macro F1 Score on Validation Set: 0.5538817048072815
Epoch 78
Epoch: [78][0/572]	Iter Time 0.007 (0.007)	Data Time 0.004 (0.004)	Loss 0.0493 (0.0493)	Prec @1 0.9688 (0.9688)	
Training Accuracy of Class 0: nan
Training Accuracy of Class 1: 1.0000
Training Accuracy of Class 2: 1.0000
Training Accuracy of Class 3: 1.0000
Training Accuracy of Class 4: 1.0000
Training Accuracy of Class 5: 1.0000
Total Overall Training Accuracy: 0.9777376651763916
* Prec @1: 0.9777
Macro F1 Score on Training Set: 1.0
Epoch: [78][0/123]	Iter Time 0.003 (0.003)	Data Time 0.003 (0.003)	
Validation Accuracy of Class 0: 0.3288
Validation Accuracy of Class 1: 0.8602
Validation Accuracy of Class 2: 0.1895
Validation Accuracy of Class 3: 0.5933
Validation Accuracy of Class 4: 0.2447
Validation Accuracy of Class 5: 0.6164
Total Overall Validation Accuracy: 0.5236150622367859
* Prec @1: 0.5236
Macro F1 Score on Validation Set: 0.45691871643066406
Epoch 79
Epoch: [79][0/572]	Iter Time 0.007 (0.007)	Data Time 0.004 (0.004)	Loss 0.1440 (0.1440)	Prec @1 0.9688 (0.9688)	
Training Accuracy of Class 0: nan
Training Accuracy of Class 1: 1.0000
Training Accuracy of Class 2: nan
Training Accuracy of Class 3: 1.0000
Training Accuracy of Class 4: 1.0000
Training Accuracy of Class 5: 1.0000
Total Overall Training Accuracy: 0.9827152490615845
* Prec @1: 0.9827
Macro F1 Score on Training Set: 1.0
Epoch: [79][0/123]	Iter Time 0.003 (0.003)	Data Time 0.003 (0.003)	
Validation Accuracy of Class 0: 0.4610
Validation Accuracy of Class 1: 0.8932
Validation Accuracy of Class 2: 0.1079
Validation Accuracy of Class 3: 0.4734
Validation Accuracy of Class 4: 0.3495
Validation Accuracy of Class 5: 0.3636
Total Overall Validation Accuracy: 0.4748532176017761
* Prec @1: 0.4749
Macro F1 Score on Validation Set: 0.4314478635787964
Epoch 80
Epoch: [80][0/572]	Iter Time 0.007 (0.007)	Data Time 0.004 (0.004)	Loss 0.1432 (0.1432)	Prec @1 0.9688 (0.9688)	
Training Accuracy of Class 0: nan
Training Accuracy of Class 1: 1.0000
Training Accuracy of Class 2: 1.0000
Training Accuracy of Class 3: 1.0000
Training Accuracy of Class 4: 1.0000
Training Accuracy of Class 5: 1.0000
Total Overall Training Accuracy: 0.9843015074729919
* Prec @1: 0.9843
Macro F1 Score on Training Set: 1.0
Epoch: [80][0/123]	Iter Time 0.004 (0.004)	Data Time 0.012 (0.012)	
Validation Accuracy of Class 0: 0.5729
Validation Accuracy of Class 1: 0.7759
Validation Accuracy of Class 2: 0.2711
Validation Accuracy of Class 3: 0.7418
Validation Accuracy of Class 4: 0.4726
Validation Accuracy of Class 5: 0.6075
Total Overall Validation Accuracy: 0.6285423040390015
* Prec @1: 0.6285
Macro F1 Score on Validation Set: 0.5731366872787476
Epoch 81
Epoch: [81][0/572]	Iter Time 0.010 (0.010)	Data Time 0.004 (0.004)	Loss 0.2598 (0.2598)	Prec @1 0.9062 (0.9062)	
Training Accuracy of Class 0: nan
Training Accuracy of Class 1: 1.0000
Training Accuracy of Class 2: 1.0000
Training Accuracy of Class 3: 1.0000
Training Accuracy of Class 4: 1.0000
Training Accuracy of Class 5: 1.0000
Total Overall Training Accuracy: 0.9821135997772217
* Prec @1: 0.9821
Macro F1 Score on Training Set: 1.0
Epoch: [81][0/123]	Iter Time 0.003 (0.003)	Data Time 0.003 (0.003)	
Validation Accuracy of Class 0: 0.4678
Validation Accuracy of Class 1: 0.8617
Validation Accuracy of Class 2: 0.2553
Validation Accuracy of Class 3: 0.7589
Validation Accuracy of Class 4: 0.5167
Validation Accuracy of Class 5: 0.4678
Total Overall Validation Accuracy: 0.631350576877594
* Prec @1: 0.6314
Macro F1 Score on Validation Set: 0.5640796422958374
Epoch 82
Epoch: [82][0/572]	Iter Time 0.007 (0.007)	Data Time 0.004 (0.004)	Loss 0.0083 (0.0083)	Prec @1 1.0000 (1.0000)	
Training Accuracy of Class 0: 1.0000
Training Accuracy of Class 1: 1.0000
Training Accuracy of Class 2: 1.0000
Training Accuracy of Class 3: 1.0000
Training Accuracy of Class 4: 1.0000
Training Accuracy of Class 5: nan
Total Overall Training Accuracy: 0.981621265411377
* Prec @1: 0.9816
Macro F1 Score on Training Set: 1.0
Epoch: [82][0/123]	Iter Time 0.003 (0.003)	Data Time 0.003 (0.003)	
Validation Accuracy of Class 0: 0.4983
Validation Accuracy of Class 1: 0.8541
Validation Accuracy of Class 2: 0.2263
Validation Accuracy of Class 3: 0.6989
Validation Accuracy of Class 4: 0.4894
Validation Accuracy of Class 5: 0.6164
Total Overall Validation Accuracy: 0.6196068525314331
* Prec @1: 0.6196
Macro F1 Score on Validation Set: 0.5650827884674072
Early stopping triggered at epoch 82
Best Prec @1 Acccuracy: 0.7230
Epoch where best accuracy reached: 62
Best Validation Accuracy of Class 0: 0.6542
Best Validation Accuracy of Class 1: 0.8406
Best Validation Accuracy of Class 2: 0.2421
Best Validation Accuracy of Class 3: 0.8467
Best Validation Accuracy of Class 4: 0.6854
Best Validation Accuracy of Class 5: 0.6519
Preparing for testing...
Testing initiated!
Test loader successfully iterating
Iter Time 0.011 (0.011)	Data Time 0.004 (0.004)	
Test Accuracy of Class 0: 0.6917
Test Accuracy of Class 1: 0.8551
Test Accuracy of Class 2: 0.2354
Test Accuracy of Class 3: 0.8195
Test Accuracy of Class 4: 0.6543
Test Accuracy of Class 5: 0.6762
Macro F1 Score on Test Set: 0.6558427810668945
Total Overall Test Accuracy: 0.713957667350769
Final Confusion Matrix: tensor([[6.9173e-01, 1.2102e-01, 7.9365e-03, 6.7340e-04, 0.0000e+00, 4.0984e-03],
        [1.4286e-01, 8.5510e-01, 5.0265e-02, 1.2121e-02, 0.0000e+00, 3.2787e-02],
        [2.6316e-02, 1.3376e-01, 2.3545e-01, 5.7912e-02, 0.0000e+00, 2.2951e-01],
        [6.3910e-02, 3.6624e-02, 3.1481e-01, 8.1953e-01, 4.1543e-02, 1.6598e-01],
        [2.6316e-02, 4.7771e-03, 1.5873e-02, 1.4411e-01, 6.5430e-01, 6.1475e-03],
        [2.6316e-02, 7.3248e-02, 2.1429e-01, 1.6162e-02, 0.0000e+00, 6.7623e-01]])
Saving results
   Predicted  Actual
0          3       4
1          1       1
2          5       5
3          3       2
4          3       3
---------------------------------------
Begin Slurm Epilog: Apr-24-2026 23:29:03
Job ID:        5064072
User ID:       eyang82
Account:       cse
Job name:      CNNAdam
Resources:     cpu=8,gres/gpu:l40s=1,mem=80G,node=1
Rsrc Used:     cput=01:24:48,vmem=0,walltime=00:10:36,mem=40508K,energy_used=0
Partition:     ice-gpu
QOS:           coc-ice
Nodes:         atl1-1-03-004-25-0
---------------------------------------
