---------------------------------------
Begin Slurm Prolog: Apr-21-2026 05:00:52
Job ID:    5029062
User ID:   eyang82
Account:   cse
Job name:  CNN
Partition: ice-gpu
QOS:       coc-ice
---------------------------------------
Tue Apr 21 05:00:53 2026       
+-----------------------------------------------------------------------------------------+
| NVIDIA-SMI 575.57.08              Driver Version: 575.57.08      CUDA Version: 12.9     |
|-----------------------------------------+------------------------+----------------------+
| GPU  Name                 Persistence-M | Bus-Id          Disp.A | Volatile Uncorr. ECC |
| Fan  Temp   Perf          Pwr:Usage/Cap |           Memory-Usage | GPU-Util  Compute M. |
|                                         |                        |               MIG M. |
|=========================================+========================+======================|
|   0  Tesla V100-PCIE-32GB           On  |   00000000:3B:00.0 Off |                    0 |
| N/A   48C    P0             29W /  250W |       0MiB /  32768MiB |      0%      Default |
|                                         |                        |                  N/A |
+-----------------------------------------+------------------------+----------------------+
|   1  Tesla V100-PCIE-32GB           On  |   00000000:5E:00.0 Off |                    0 |
| N/A   37C    P0             37W /  250W |     716MiB /  32768MiB |      1%      Default |
|                                         |                        |                  N/A |
+-----------------------------------------+------------------------+----------------------+
                                                                                         
+-----------------------------------------------------------------------------------------+
| Processes:                                                                              |
|  GPU   GI   CI              PID   Type   Process name                        GPU Memory |
|        ID   ID                                                               Usage      |
|=========================================================================================|
|    1   N/A  N/A         3005148      C   python                                  712MiB |
+-----------------------------------------------------------------------------------------+
[2026-04-21T05:01:03.560] error: Detected 1 oom_kill event in StepId=5029062.0. Some of the step tasks have been OOM Killed.
srun: error: atl1-1-01-002-7-0: task 0: Out Of Memory
[2026-04-21T05:01:03.565] error: Detected 1 oom_kill event in StepId=5029062.batch. Some of the step tasks have been OOM Killed.
---------------------------------------
Begin Slurm Epilog: Apr-21-2026 05:01:03
Job ID:        5029062
User ID:       eyang82
Account:       cse
Job name:      CNN
Resources:     cpu=4,gres/gpu:v100=1,mem=32M,node=1
Rsrc Used:     cput=00:00:48,vmem=0,walltime=00:00:12,mem=30428K,energy_used=0
Partition:     ice-gpu
QOS:           coc-ice
Nodes:         atl1-1-01-002-7-0
---------------------------------------
