---------------------------------------
Begin Slurm Prolog: Apr-19-2026 04:08:52
Job ID:    5008540
User ID:   eyang82
Account:   cse
Job name:  CNNTestingInitial
Partition: coc-gpu
QOS:       coc-ice
---------------------------------------
Device: cuda
Epoch: [0][0/572]	Time 16.344 (16.344)	Loss 1.7935 (1.7935)	Prec @1 0.1250 (0.1250)	
Epoch: [0][0/123]	Time 1.563 (1.563)	
Accuracy of Class 0: 0.0000
Accuracy of Class 1: 0.0462
Accuracy of Class 2: 0.0000
Accuracy of Class 3: 0.9980
Accuracy of Class 4: 0.0000
Accuracy of Class 5: 0.0000
* Prec @1: 0.3856
Macro F1 Score on Validation Set: 0.10649050772190094
Best Prec @1 Acccuracy: 0.3856
Accuracy of Class 0: 0.0000
Accuracy of Class 1: 0.0462
Accuracy of Class 2: 0.0000
Accuracy of Class 3: 0.9980
Accuracy of Class 4: 0.0000
Accuracy of Class 5: 0.0000
/home/hice1/eyang82/.conda/envs/anphy_sleep_env/lib/python3.11/site-packages/torch/nn/modules/rnn.py:1141: UserWarning: RNN module weights are not part of single contiguous chunk of memory. This means they need to be compacted at every call, possibly greatly increasing memory usage. To compact weights again call flatten_parameters(). (Triggered internally at /pytorch/aten/src/ATen/native/cudnn/RNN.cpp:1480.)
  result = _VF.lstm(
Time 0.012 (0.012)	
Test Accuracy of Class 0: 0.0000
Test Accuracy of Class 1: 0.0462
Test Accuracy of Class 2: 0.0000
Test Accuracy of Class 3: 0.9980
Test Accuracy of Class 4: 0.0000
Test Accuracy of Class 5: 0.0000
Macro F1 Score on Test Set: 0.10649050772190094
Final Confusion Matrix: tensor([[0.0000, 0.0398, 0.0000, 0.1623, 0.0000, 0.0000],
        [0.0000, 0.0462, 0.0000, 0.4034, 0.0000, 0.0000],
        [0.0000, 0.0000, 0.0000, 0.2545, 0.0000, 0.0000],
        [0.0000, 0.0048, 0.0000, 0.9980, 0.0000, 0.0000],
        [0.0000, 0.0032, 0.0000, 0.4525, 0.0000, 0.0000],
        [0.0000, 0.0016, 0.0000, 0.3279, 0.0000, 0.0000]])
---------------------------------------
Begin Slurm Epilog: Apr-19-2026 04:13:04
Job ID:        5008540
User ID:       eyang82
Account:       cse
Job name:      CNNTestingInitial
Resources:     cpu=8,gres/gpu:v100=1,mem=32G,node=1
Rsrc Used:     cput=00:33:44,vmem=0,walltime=00:04:13,mem=39628K,energy_used=0
Partition:     coc-gpu
QOS:           coc-ice
Nodes:         atl1-1-01-002-7-0
---------------------------------------
